[26-Sep-2018 07:39:51] NOTICE: fpm is running, pid 16
[26-Sep-2018 07:39:51] NOTICE: ready to handle connections
[26-Sep-2018 08:40:41] NOTICE: Terminating ...
[26-Sep-2018 08:40:41] NOTICE: exiting, bye-bye!
[26-Sep-2018 08:42:47] NOTICE: fpm is running, pid 49
[26-Sep-2018 08:42:47] NOTICE: ready to handle connections
[26-Sep-2018 13:27:46] NOTICE: Terminating ...
[26-Sep-2018 13:27:46] NOTICE: exiting, bye-bye!
[26-Sep-2018 13:27:51] NOTICE: fpm is running, pid 49
[26-Sep-2018 13:27:51] NOTICE: ready to handle connections
[26-Sep-2018 15:27:50] NOTICE: fpm is running, pid 34
[26-Sep-2018 15:27:50] NOTICE: ready to handle connections
[02-Oct-2018 11:14:24] NOTICE: fpm is running, pid 36
[02-Oct-2018 11:14:24] NOTICE: ready to handle connections
[03-Oct-2018 06:57:44] NOTICE: fpm is running, pid 36
[03-Oct-2018 06:57:44] NOTICE: ready to handle connections
[04-Oct-2018 12:03:02] NOTICE: fpm is running, pid 36
[04-Oct-2018 12:03:02] NOTICE: ready to handle connections
[04-Oct-2018 13:13:26] NOTICE: fpm is running, pid 36
[04-Oct-2018 13:13:26] NOTICE: ready to handle connections
[04-Oct-2018 13:55:23] NOTICE: Terminating ...
[04-Oct-2018 13:55:23] NOTICE: exiting, bye-bye!
[06-Oct-2018 14:33:10] NOTICE: fpm is running, pid 34
[06-Oct-2018 14:33:10] NOTICE: ready to handle connections
[07-Oct-2018 13:48:42] NOTICE: fpm is running, pid 36
[07-Oct-2018 13:48:42] NOTICE: ready to handle connections
