[26-Sep-2018 07:57:21 UTC] PHP Parse error:  syntax error, unexpected '}' in /app/public/wp-content/themes/scratch/functions.php on line 5
[26-Sep-2018 08:00:43 UTC] PHP Parse error:  syntax error, unexpected '}' in /app/public/wp-content/themes/scratch/functions.php on line 5
[26-Sep-2018 08:00:47 UTC] PHP Parse error:  syntax error, unexpected '}' in /app/public/wp-content/themes/scratch/functions.php on line 5
[26-Sep-2018 08:01:18 UTC] PHP Parse error:  syntax error, unexpected '}' in /app/public/wp-content/themes/scratch/functions.php on line 5
[26-Sep-2018 08:02:35 UTC] PHP Parse error:  syntax error, unexpected '}' in /app/public/wp-content/themes/scratch/functions.php on line 5
[26-Sep-2018 08:02:45 UTC] PHP Parse error:  syntax error, unexpected '=>' (T_DOUBLE_ARROW), expecting ',' or ')' in /app/public/wp-content/themes/scratch/index.php on line 3
[26-Sep-2018 08:03:39 UTC] PHP Parse error:  syntax error, unexpected '=>' (T_DOUBLE_ARROW), expecting ',' or ')' in /app/public/wp-content/themes/scratch/index.php on line 3
[26-Sep-2018 08:03:42 UTC] PHP Parse error:  syntax error, unexpected '=>' (T_DOUBLE_ARROW), expecting ',' or ')' in /app/public/wp-content/themes/scratch/index.php on line 3
[26-Sep-2018 08:05:20 UTC] PHP Parse error:  syntax error, unexpected ':' in /app/public/wp-content/themes/scratch/index.php on line 4
[26-Sep-2018 08:08:48 UTC] PHP Parse error:  syntax error, unexpected ':' in /app/public/wp-content/themes/scratch/index.php on line 4
[26-Sep-2018 08:08:59 UTC] PHP Parse error:  syntax error, unexpected ':' in /app/public/wp-content/themes/scratch/index.php on line 6
[26-Sep-2018 08:11:35 UTC] PHP Parse error:  syntax error, unexpected ':' in /app/public/wp-content/themes/scratch/index.php on line 6
[26-Sep-2018 08:14:03 UTC] PHP Parse error:  syntax error, unexpected ':' in /app/public/wp-content/themes/scratch/index.php on line 6
[26-Sep-2018 08:14:13 UTC] PHP Parse error:  syntax error, unexpected ';', expecting ':' in /app/public/wp-content/themes/scratch/index.php on line 13
[26-Sep-2018 08:15:04 UTC] PHP Warning:  call_user_func_array() expects parameter 1 to be a valid callback, function 'scratch_enqueue_scripts' not found or invalid function name in /app/public/wp-includes/class-wp-hook.php on line 286
[26-Sep-2018 08:15:04 UTC] PHP Warning:  Use of undefined constant php - assumed 'php' (this will throw an Error in a future version of PHP) in /app/public/wp-content/themes/scratch/index.php on line 4
[26-Sep-2018 08:15:04 UTC] PHP Fatal error:  Uncaught Error: Call to undefined function wp_reset_post_data() in /app/public/wp-content/themes/scratch/index.php:15
Stack trace:
#0 /app/public/wp-includes/template-loader.php(74): include()
#1 /app/public/wp-blog-header.php(19): require_once('/app/public/wp-...')
#2 /app/public/index.php(17): require('/app/public/wp-...')
#3 {main}
  thrown in /app/public/wp-content/themes/scratch/index.php on line 15
[26-Sep-2018 08:15:25 UTC] PHP Warning:  Use of undefined constant php - assumed 'php' (this will throw an Error in a future version of PHP) in /app/public/wp-content/themes/scratch/index.php on line 4
[26-Sep-2018 08:15:25 UTC] PHP Fatal error:  Uncaught Error: Call to undefined function wp_reset_post_data() in /app/public/wp-content/themes/scratch/index.php:15
Stack trace:
#0 /app/public/wp-includes/template-loader.php(74): include()
#1 /app/public/wp-blog-header.php(19): require_once('/app/public/wp-...')
#2 /app/public/index.php(17): require('/app/public/wp-...')
#3 {main}
  thrown in /app/public/wp-content/themes/scratch/index.php on line 15
[26-Sep-2018 08:16:33 UTC] PHP Fatal error:  Uncaught Error: Call to undefined function wp_reset_post_data() in /app/public/wp-content/themes/scratch/index.php:13
Stack trace:
#0 /app/public/wp-includes/template-loader.php(74): include()
#1 /app/public/wp-blog-header.php(19): require_once('/app/public/wp-...')
#2 /app/public/index.php(17): require('/app/public/wp-...')
#3 {main}
  thrown in /app/public/wp-content/themes/scratch/index.php on line 13
[26-Sep-2018 08:18:09 UTC] PHP Fatal error:  Uncaught Error: Call to undefined function wp_reset_post_data() in /app/public/wp-content/themes/scratch/index.php:13
Stack trace:
#0 /app/public/wp-includes/template-loader.php(74): include()
#1 /app/public/wp-blog-header.php(19): require_once('/app/public/wp-...')
#2 /app/public/index.php(17): require('/app/public/wp-...')
#3 {main}
  thrown in /app/public/wp-content/themes/scratch/index.php on line 13
[26-Sep-2018 08:18:56 UTC] PHP Fatal error:  Uncaught Error: Call to undefined function wp_reset_post_data() in /app/public/wp-content/themes/scratch/index.php:13
Stack trace:
#0 /app/public/wp-includes/template-loader.php(74): include()
#1 /app/public/wp-blog-header.php(19): require_once('/app/public/wp-...')
#2 /app/public/index.php(17): require('/app/public/wp-...')
#3 {main}
  thrown in /app/public/wp-content/themes/scratch/index.php on line 13
[26-Sep-2018 08:29:46 UTC] PHP Notice:  Undefined property: WP_Ajax_Upgrader_Skin::$api in /app/public/wp-admin/includes/class-theme-upgrader.php on line 122
[26-Sep-2018 08:40:40 UTC] PHP Warning:  Error while sending QUERY packet. PID=3404 in /app/public/wp-includes/wp-db.php on line 1924
[26-Sep-2018 08:42:45 UTC] PHP Warning:  mysqli_real_connect(): (HY000/2002): No such file or directory in /app/public/wp-includes/wp-db.php on line 1531
[26-Sep-2018 09:03:48 UTC] PHP Warning:  An unexpected error occurred. Something may be wrong with WordPress.org or this server&#8217;s configuration. If you continue to have problems, please try the <a href="https://wordpress.org/support/">support forums</a>. (WordPress could not establish a secure connection to WordPress.org. Please contact your server administrator.) in /app/public/wp-admin/includes/plugin-install.php on line 168
[26-Sep-2018 09:03:48 UTC] PHP Notice:  Undefined property: WP_Error::$name in /app/public/wp-content/themes/spicepress/functions/customizer-notify/spicepress-customizer-notify-section.php on line 209
[26-Sep-2018 09:20:44 UTC] PHP Notice:  Undefined property: WP_Error::$name in /app/public/wp-content/themes/spicepress/functions/customizer-notify/spicepress-customizer-notify-section.php on line 209
[26-Sep-2018 09:30:55 UTC] PHP Notice:  Undefined property: WP_Error::$name in /app/public/wp-content/themes/spicepress/functions/customizer-notify/spicepress-customizer-notify-section.php on line 209
[26-Sep-2018 09:31:34 UTC] PHP Notice:  Undefined property: WP_Error::$name in /app/public/wp-content/themes/spicepress/functions/customizer-notify/spicepress-customizer-notify-section.php on line 209
[26-Sep-2018 09:53:41 UTC] PHP Warning:  An unexpected error occurred. Something may be wrong with WordPress.org or this server&#8217;s configuration. If you continue to have problems, please try the <a href="https://wordpress.org/support/">support forums</a>. (WordPress could not establish a secure connection to WordPress.org. Please contact your server administrator.) in /app/public/wp-admin/includes/plugin-install.php on line 168
[26-Sep-2018 10:33:31 UTC] PHP Parse error:  syntax error, unexpected end of file in /app/public/wp-content/themes/basismit/functions.php on line 24
[26-Sep-2018 10:34:04 UTC] PHP Parse error:  syntax error, unexpected end of file in /app/public/wp-content/themes/basismit/functions.php on line 24
[26-Sep-2018 10:34:31 UTC] PHP Parse error:  syntax error, unexpected end of file in /app/public/wp-content/themes/basismit/functions.php on line 24
[26-Sep-2018 10:35:08 UTC] PHP Parse error:  syntax error, unexpected end of file in /app/public/wp-content/themes/basismit/functions.php on line 24
[26-Sep-2018 11:04:22 UTC] PHP Parse error:  syntax error, unexpected ';' in /app/public/wp-content/themes/basismit/single-post.php on line 3
[26-Sep-2018 11:04:54 UTC] PHP Parse error:  syntax error, unexpected '?>' in /app/public/wp-content/themes/basismit/single-post.php on line 3
[26-Sep-2018 11:05:12 UTC] PHP Parse error:  syntax error, unexpected ';' in /app/public/wp-content/themes/basismit/single-post.php on line 3
[26-Sep-2018 11:05:31 UTC] PHP Parse error:  syntax error, unexpected 'endwhile' (T_ENDWHILE), expecting end of file in /app/public/wp-content/themes/basismit/single-post.php on line 8
[26-Sep-2018 11:05:43 UTC] PHP Parse error:  syntax error, unexpected '?>' in /app/public/wp-content/themes/basismit/single-post.php on line 3
[26-Sep-2018 11:13:24 UTC] PHP Parse error:  syntax error, unexpected 'endwhile' (T_ENDWHILE), expecting elseif (T_ELSEIF) or else (T_ELSE) or endif (T_ENDIF) in /app/public/wp-content/themes/basismit/single-post.php on line 8
[26-Sep-2018 11:13:49 UTC] PHP Parse error:  syntax error, unexpected 'endwhile' (T_ENDWHILE), expecting elseif (T_ELSEIF) or else (T_ELSE) or endif (T_ENDIF) in /app/public/wp-content/themes/basismit/single-post.php on line 8
[26-Sep-2018 12:01:25 UTC] PHP Notice:  Undefined variable: show in /app/public/wp-content/themes/basismit/header.php on line 18
[26-Sep-2018 12:01:25 UTC] PHP Notice:  Undefined variable: filter in /app/public/wp-content/themes/basismit/header.php on line 18
[26-Sep-2018 12:35:33 UTC] PHP Parse error:  syntax error, unexpected '<', expecting end of file in /app/public/wp-content/themes/basismit/front-page.php on line 37
[26-Sep-2018 12:35:55 UTC] PHP Parse error:  syntax error, unexpected '<', expecting end of file in /app/public/wp-content/themes/basismit/front-page.php on line 37
[26-Sep-2018 12:49:41 UTC] PHP Fatal error:  Uncaught Error: Call to undefined function the_exerpt() in /app/public/wp-content/themes/basismit/front-page.php:30
Stack trace:
#0 /app/public/wp-includes/template-loader.php(74): include()
#1 /app/public/wp-blog-header.php(19): require_once('/app/public/wp-...')
#2 /app/public/index.php(17): require('/app/public/wp-...')
#3 {main}
  thrown in /app/public/wp-content/themes/basismit/front-page.php on line 30
[26-Sep-2018 13:17:47 UTC] PHP Parse error:  syntax error, unexpected end of file in /app/public/wp-content/themes/basismit/front-page.php on line 113
[26-Sep-2018 13:27:46 UTC] PHP Warning:  Error while sending QUERY packet. PID=13787 in /app/public/wp-includes/wp-db.php on line 1924
[26-Sep-2018 13:27:50 UTC] PHP Warning:  mysqli_real_connect(): (HY000/2002): No such file or directory in /app/public/wp-includes/wp-db.php on line 1531
[02-Oct-2018 11:56:59 UTC] PHP Parse error:  syntax error, unexpected 'a_hooked_function' (T_STRING) in /app/public/wp-content/themes/basismit/functions.php on line 26
[02-Oct-2018 11:57:34 UTC] PHP Parse error:  syntax error, unexpected 'a_hooked_function' (T_STRING) in /app/public/wp-content/themes/basismit/functions.php on line 26
[02-Oct-2018 12:09:44 UTC] PHP Parse error:  syntax error, unexpected '}', expecting ';' in /app/public/wp-content/themes/basismit/functions.php on line 40
[02-Oct-2018 12:11:54 UTC] PHP Notice:  Undefined variable: title in /app/public/wp-content/themes/basismit/functions.php on line 39
[02-Oct-2018 12:11:54 UTC] PHP Notice:  Undefined variable: title in /app/public/wp-content/themes/basismit/functions.php on line 39
[02-Oct-2018 12:11:54 UTC] PHP Notice:  Undefined variable: title in /app/public/wp-content/themes/basismit/functions.php on line 39
[02-Oct-2018 12:11:54 UTC] PHP Notice:  Undefined variable: title in /app/public/wp-content/themes/basismit/functions.php on line 39
[02-Oct-2018 12:11:54 UTC] PHP Notice:  Undefined variable: title in /app/public/wp-content/themes/basismit/functions.php on line 39
[02-Oct-2018 12:11:54 UTC] PHP Notice:  Undefined variable: title in /app/public/wp-content/themes/basismit/functions.php on line 39
[02-Oct-2018 12:11:54 UTC] PHP Notice:  Undefined variable: title in /app/public/wp-content/themes/basismit/functions.php on line 39
[02-Oct-2018 12:11:54 UTC] PHP Notice:  Undefined variable: title in /app/public/wp-content/themes/basismit/functions.php on line 39
[02-Oct-2018 12:11:54 UTC] PHP Notice:  Undefined variable: title in /app/public/wp-content/themes/basismit/functions.php on line 39
[02-Oct-2018 12:11:54 UTC] PHP Notice:  Undefined variable: title in /app/public/wp-content/themes/basismit/functions.php on line 39
[02-Oct-2018 12:11:54 UTC] PHP Notice:  Undefined variable: title in /app/public/wp-content/themes/basismit/functions.php on line 39
[02-Oct-2018 12:15:32 UTC] PHP Parse error:  syntax error, unexpected '}', expecting end of file in /app/public/wp-content/themes/basismit/functions.php on line 46
[02-Oct-2018 12:15:46 UTC] PHP Parse error:  syntax error, unexpected '}', expecting end of file in /app/public/wp-content/themes/basismit/functions.php on line 46
[02-Oct-2018 12:37:55 UTC] PHP Warning:  Use of undefined constant scratch_register_movies - assumed 'scratch_register_movies' (this will throw an Error in a future version of PHP) in /app/public/wp-content/themes/basismit/functions.php on line 58
[02-Oct-2018 12:39:56 UTC] PHP Warning:  Use of undefined constant scratch_register_movies - assumed 'scratch_register_movies' (this will throw an Error in a future version of PHP) in /app/public/wp-content/themes/basismit/functions.php on line 61
[02-Oct-2018 12:39:56 UTC] PHP Fatal error:  Uncaught ArgumentCountError: Too few arguments to function __(), 0 passed in /app/public/wp-content/themes/basismit/functions.php on line 54 and at least 1 expected in /app/public/wp-includes/l10n.php:201
Stack trace:
#0 /app/public/wp-content/themes/basismit/functions.php(54): __()
#1 /app/public/wp-includes/class-wp-hook.php(286): scratch_register_movies('')
#2 /app/public/wp-includes/class-wp-hook.php(310): WP_Hook->apply_filters(NULL, Array)
#3 /app/public/wp-includes/plugin.php(453): WP_Hook->do_action(Array)
#4 /app/public/wp-settings.php(450): do_action('init')
#5 /app/public/wp-config.php(79): require_once('/app/public/wp-...')
#6 /app/public/wp-load.php(37): require_once('/app/public/wp-...')
#7 /app/public/wp-admin/admin-ajax.php(22): require_once('/app/public/wp-...')
#8 {main}
  thrown in /app/public/wp-includes/l10n.php on line 201
[02-Oct-2018 12:49:30 UTC] PHP Warning:  Use of undefined constant scratch_register_movies - assumed 'scratch_register_movies' (this will throw an Error in a future version of PHP) in /app/public/wp-content/themes/basismit/functions.php on line 94
[02-Oct-2018 12:49:30 UTC] PHP Warning:  Use of undefined constant scratch_register_movies - assumed 'scratch_register_movies' (this will throw an Error in a future version of PHP) in /app/public/wp-content/themes/basismit/functions.php on line 94
[02-Oct-2018 12:49:30 UTC] PHP Notice:  Undefined variable: lables in /app/public/wp-content/themes/basismit/functions.php on line 67
[02-Oct-2018 12:49:30 UTC] PHP Notice:  Undefined variable: lables in /app/public/wp-content/themes/basismit/functions.php on line 67
[02-Oct-2018 12:50:21 UTC] PHP Notice:  Undefined variable: lables in /app/public/wp-content/themes/basismit/functions.php on line 67
[02-Oct-2018 13:26:29 UTC] PHP Warning:  call_user_func_array() expects parameter 1 to be a valid callback, class 'scratch_register_movies' not found in /app/public/wp-includes/class-wp-hook.php on line 286
[02-Oct-2018 13:26:41 UTC] PHP Warning:  call_user_func_array() expects parameter 1 to be a valid callback, array must have exactly two members in /app/public/wp-includes/class-wp-hook.php on line 286
[02-Oct-2018 13:27:42 UTC] PHP Parse error:  syntax error, unexpected ')', expecting ']' in /app/public/wp-content/themes/basismit/functions.php on line 188
[03-Oct-2018 07:36:43 UTC] PHP Warning:  call_user_func_array() expects parameter 1 to be a valid callback, function 'save_events_meta' not found or invalid function name in /app/public/wp-includes/class-wp-hook.php on line 288
[03-Oct-2018 07:38:16 UTC] PHP Warning:  An unexpected error occurred. Something may be wrong with WordPress.org or this server&#8217;s configuration. If you continue to have problems, please try the <a href="https://wordpress.org/support/">support forums</a>. (WordPress could not establish a secure connection to WordPress.org. Please contact your server administrator.) in /app/public/wp-includes/update.php on line 347
[03-Oct-2018 07:49:05 UTC] PHP Parse error:  syntax error, unexpected '}' in /app/public/wp-content/themes/basismit/functions.php on line 263
[03-Oct-2018 07:53:05 UTC] PHP Parse error:  syntax error, unexpected ',' in /app/public/wp-content/themes/basismit/functions.php on line 281
[03-Oct-2018 07:56:24 UTC] PHP Parse error:  syntax error, unexpected ',' in /app/public/wp-content/themes/basismit/functions.php on line 281
[03-Oct-2018 07:56:26 UTC] PHP Parse error:  syntax error, unexpected ',' in /app/public/wp-content/themes/basismit/functions.php on line 281
[03-Oct-2018 07:56:51 UTC] PHP Parse error:  syntax error, unexpected 'echo' (T_ECHO) in /app/public/wp-content/themes/basismit/functions.php on line 284
[03-Oct-2018 08:05:02 UTC] PHP Parse error:  syntax error, unexpected 'echo' (T_ECHO) in /app/public/wp-content/themes/basismit/functions.php on line 284
[03-Oct-2018 08:05:24 UTC] PHP Notice:  Undefined variable: screens in /app/public/wp-content/themes/basismit/functions.php on line 260
[03-Oct-2018 08:05:24 UTC] PHP Warning:  Invalid argument supplied for foreach() in /app/public/wp-content/themes/basismit/functions.php on line 260
[03-Oct-2018 08:05:24 UTC] PHP Warning:  call_user_func_array() expects parameter 1 to be a valid callback, function 'add_recipe_metaboxes' not found or invalid function name in /app/public/wp-includes/class-wp-hook.php on line 286
[03-Oct-2018 08:05:50 UTC] PHP Warning:  call_user_func_array() expects parameter 1 to be a valid callback, function 'add_recipe_metaboxes' not found or invalid function name in /app/public/wp-includes/class-wp-hook.php on line 286
[03-Oct-2018 08:10:26 UTC] PHP Parse error:  syntax error, unexpected ';' in /app/public/wp-content/themes/basismit/functions.php on line 289
[03-Oct-2018 08:36:35 UTC] PHP Warning:  Use of undefined constant php - assumed 'php' (this will throw an Error in a future version of PHP) in /app/public/wp-content/themes/basismit/header.php on line 30
[03-Oct-2018 08:36:35 UTC] PHP Warning:  Use of undefined constant php - assumed 'php' (this will throw an Error in a future version of PHP) in /app/public/wp-content/themes/basismit/header.php on line 31
[03-Oct-2018 08:37:21 UTC] PHP Warning:  Use of undefined constant php - assumed 'php' (this will throw an Error in a future version of PHP) in /app/public/wp-content/themes/basismit/header.php on line 31
[03-Oct-2018 08:40:57 UTC] PHP Warning:  Use of undefined constant php - assumed 'php' (this will throw an Error in a future version of PHP) in /app/public/wp-content/themes/basismit/header.php on line 27
[03-Oct-2018 08:41:03 UTC] PHP Warning:  Use of undefined constant php - assumed 'php' (this will throw an Error in a future version of PHP) in /app/public/wp-content/themes/basismit/header.php on line 27
[03-Oct-2018 08:41:04 UTC] PHP Warning:  Use of undefined constant php - assumed 'php' (this will throw an Error in a future version of PHP) in /app/public/wp-content/themes/basismit/header.php on line 27
[03-Oct-2018 08:41:06 UTC] PHP Warning:  Use of undefined constant php - assumed 'php' (this will throw an Error in a future version of PHP) in /app/public/wp-content/themes/basismit/header.php on line 27
[03-Oct-2018 08:41:07 UTC] PHP Warning:  Use of undefined constant php - assumed 'php' (this will throw an Error in a future version of PHP) in /app/public/wp-content/themes/basismit/header.php on line 27
[03-Oct-2018 08:41:45 UTC] PHP Warning:  Use of undefined constant php - assumed 'php' (this will throw an Error in a future version of PHP) in /app/public/wp-content/themes/basismit/header.php on line 32
[03-Oct-2018 08:44:35 UTC] PHP Warning:  Use of undefined constant php - assumed 'php' (this will throw an Error in a future version of PHP) in /app/public/wp-content/themes/basismit/header.php on line 27
[03-Oct-2018 08:47:25 UTC] PHP Fatal error:  Uncaught Error: Call to undefined function phpbloginfo() in /app/public/wp-content/themes/basismit/header.php:19
Stack trace:
#0 /app/public/wp-includes/template.php(688): require_once()
#1 /app/public/wp-includes/template.php(647): load_template('/app/public/wp-...', true)
#2 /app/public/wp-includes/general-template.php(41): locate_template(Array, true)
#3 /app/public/wp-content/themes/basismit/page.php(1): get_header()
#4 /app/public/wp-includes/template-loader.php(74): include('/app/public/wp-...')
#5 /app/public/wp-blog-header.php(19): require_once('/app/public/wp-...')
#6 /app/public/index.php(17): require('/app/public/wp-...')
#7 {main}
  thrown in /app/public/wp-content/themes/basismit/header.php on line 19
[03-Oct-2018 08:47:39 UTC] PHP Warning:  Use of undefined constant php - assumed 'php' (this will throw an Error in a future version of PHP) in /app/public/wp-content/themes/basismit/header.php on line 32
[03-Oct-2018 08:48:12 UTC] PHP Warning:  Use of undefined constant php - assumed 'php' (this will throw an Error in a future version of PHP) in /app/public/wp-content/themes/basismit/header.php on line 32
[03-Oct-2018 08:49:35 UTC] PHP Warning:  Use of undefined constant php - assumed 'php' (this will throw an Error in a future version of PHP) in /app/public/wp-content/themes/basismit/header.php on line 32
[04-Oct-2018 12:05:09 UTC] PHP Warning:  Use of undefined constant php - assumed 'php' (this will throw an Error in a future version of PHP) in /app/public/wp-content/themes/basismit/header.php on line 32
[04-Oct-2018 12:12:31 UTC] PHP Warning:  Use of undefined constant php - assumed 'php' (this will throw an Error in a future version of PHP) in /app/public/wp-content/themes/basismit/header.php on line 33
[04-Oct-2018 12:13:15 UTC] PHP Warning:  Use of undefined constant php - assumed 'php' (this will throw an Error in a future version of PHP) in /app/public/wp-content/themes/basismit/header.php on line 33
[04-Oct-2018 12:17:53 UTC] PHP Warning:  Use of undefined constant php - assumed 'php' (this will throw an Error in a future version of PHP) in /app/public/wp-content/themes/basismit/header.php on line 33
[04-Oct-2018 12:31:53 UTC] PHP Warning:  Use of undefined constant php - assumed 'php' (this will throw an Error in a future version of PHP) in /app/public/wp-content/themes/basismit/header.php on line 33
[04-Oct-2018 12:32:44 UTC] PHP Warning:  Use of undefined constant php - assumed 'php' (this will throw an Error in a future version of PHP) in /app/public/wp-content/themes/basismit/header.php on line 33
[04-Oct-2018 12:33:30 UTC] PHP Warning:  Use of undefined constant php - assumed 'php' (this will throw an Error in a future version of PHP) in /app/public/wp-content/themes/basismit/header.php on line 33
[04-Oct-2018 12:33:44 UTC] PHP Warning:  Use of undefined constant php - assumed 'php' (this will throw an Error in a future version of PHP) in /app/public/wp-content/themes/basismit/header.php on line 33
[04-Oct-2018 12:34:19 UTC] PHP Warning:  Use of undefined constant php - assumed 'php' (this will throw an Error in a future version of PHP) in /app/public/wp-content/themes/basismit/header.php on line 33
[04-Oct-2018 12:34:21 UTC] PHP Warning:  Use of undefined constant php - assumed 'php' (this will throw an Error in a future version of PHP) in /app/public/wp-content/themes/basismit/header.php on line 33
[04-Oct-2018 12:43:49 UTC] PHP Warning:  Use of undefined constant php - assumed 'php' (this will throw an Error in a future version of PHP) in /app/public/wp-content/themes/basismit/header.php on line 33
[04-Oct-2018 12:44:36 UTC] PHP Warning:  Use of undefined constant php - assumed 'php' (this will throw an Error in a future version of PHP) in /app/public/wp-content/themes/basismit/header.php on line 33
[04-Oct-2018 12:44:42 UTC] PHP Warning:  Use of undefined constant php - assumed 'php' (this will throw an Error in a future version of PHP) in /app/public/wp-content/themes/basismit/header.php on line 33
[04-Oct-2018 12:44:48 UTC] PHP Warning:  Use of undefined constant php - assumed 'php' (this will throw an Error in a future version of PHP) in /app/public/wp-content/themes/basismit/header.php on line 33
[04-Oct-2018 12:44:53 UTC] PHP Warning:  Use of undefined constant php - assumed 'php' (this will throw an Error in a future version of PHP) in /app/public/wp-content/themes/basismit/header.php on line 33
[04-Oct-2018 12:44:54 UTC] PHP Warning:  Use of undefined constant php - assumed 'php' (this will throw an Error in a future version of PHP) in /app/public/wp-content/themes/basismit/header.php on line 33
[04-Oct-2018 12:44:55 UTC] PHP Warning:  Use of undefined constant php - assumed 'php' (this will throw an Error in a future version of PHP) in /app/public/wp-content/themes/basismit/header.php on line 33
[04-Oct-2018 12:45:01 UTC] PHP Warning:  Use of undefined constant php - assumed 'php' (this will throw an Error in a future version of PHP) in /app/public/wp-content/themes/basismit/header.php on line 33
[04-Oct-2018 13:13:44 UTC] PHP Warning:  Use of undefined constant php - assumed 'php' (this will throw an Error in a future version of PHP) in /app/public/wp-content/themes/basismit/header.php on line 33
[04-Oct-2018 13:16:36 UTC] PHP Warning:  Use of undefined constant php - assumed 'php' (this will throw an Error in a future version of PHP) in /app/public/wp-content/themes/basismit/header.php on line 33
[04-Oct-2018 13:30:51 UTC] PHP Warning:  Use of undefined constant php - assumed 'php' (this will throw an Error in a future version of PHP) in /app/public/wp-content/themes/basismit/header.php on line 33
[04-Oct-2018 13:32:48 UTC] PHP Warning:  Use of undefined constant php - assumed 'php' (this will throw an Error in a future version of PHP) in /app/public/wp-content/themes/basismit/header.php on line 33
[04-Oct-2018 13:32:54 UTC] PHP Warning:  Use of undefined constant php - assumed 'php' (this will throw an Error in a future version of PHP) in /app/public/wp-content/themes/basismit/header.php on line 33
[04-Oct-2018 13:32:56 UTC] PHP Warning:  Use of undefined constant php - assumed 'php' (this will throw an Error in a future version of PHP) in /app/public/wp-content/themes/basismit/header.php on line 33
[04-Oct-2018 13:33:25 UTC] PHP Warning:  Use of undefined constant php - assumed 'php' (this will throw an Error in a future version of PHP) in /app/public/wp-content/themes/basismit/header.php on line 33
[04-Oct-2018 13:33:33 UTC] PHP Warning:  Use of undefined constant php - assumed 'php' (this will throw an Error in a future version of PHP) in /app/public/wp-content/themes/basismit/header.php on line 33
[04-Oct-2018 13:33:51 UTC] PHP Warning:  Use of undefined constant php - assumed 'php' (this will throw an Error in a future version of PHP) in /app/public/wp-content/themes/basismit/header.php on line 33
[04-Oct-2018 13:34:11 UTC] PHP Warning:  Use of undefined constant php - assumed 'php' (this will throw an Error in a future version of PHP) in /app/public/wp-content/themes/basismit/header.php on line 33
[04-Oct-2018 13:34:12 UTC] PHP Warning:  Use of undefined constant php - assumed 'php' (this will throw an Error in a future version of PHP) in /app/public/wp-content/themes/basismit/header.php on line 33
[04-Oct-2018 13:34:14 UTC] PHP Warning:  Use of undefined constant php - assumed 'php' (this will throw an Error in a future version of PHP) in /app/public/wp-content/themes/basismit/header.php on line 33
[04-Oct-2018 13:34:15 UTC] PHP Warning:  Use of undefined constant php - assumed 'php' (this will throw an Error in a future version of PHP) in /app/public/wp-content/themes/basismit/header.php on line 33
[04-Oct-2018 13:38:22 UTC] PHP Warning:  Use of undefined constant php - assumed 'php' (this will throw an Error in a future version of PHP) in /app/public/wp-content/themes/basismit/header.php on line 33
[04-Oct-2018 13:38:23 UTC] PHP Warning:  Use of undefined constant php - assumed 'php' (this will throw an Error in a future version of PHP) in /app/public/wp-content/themes/basismit/header.php on line 33
[04-Oct-2018 13:38:24 UTC] PHP Warning:  Use of undefined constant php - assumed 'php' (this will throw an Error in a future version of PHP) in /app/public/wp-content/themes/basismit/header.php on line 33
[06-Oct-2018 14:33:27 UTC] PHP Warning:  Use of undefined constant php - assumed 'php' (this will throw an Error in a future version of PHP) in /app/public/wp-content/themes/basismit/header.php on line 10
[06-Oct-2018 14:33:27 UTC] PHP Warning:  Use of undefined constant php - assumed 'php' (this will throw an Error in a future version of PHP) in /app/public/wp-content/themes/basismit/header.php on line 33
[07-Oct-2018 15:56:04 UTC] PHP Notice:  Undefined variable: post_id in /app/public/wp-content/themes/basismit/functions.php on line 292
[07-Oct-2018 15:58:49 UTC] PHP Notice:  Undefined variable: post_id in /app/public/wp-content/themes/basismit/functions.php on line 292
[07-Oct-2018 15:58:49 UTC] PHP Notice:  Undefined variable: post_id in /app/public/wp-content/themes/basismit/functions.php on line 292
[07-Oct-2018 16:00:40 UTC] PHP Notice:  Undefined variable: post_id in /app/public/wp-content/themes/basismit/functions.php on line 292
[07-Oct-2018 16:00:40 UTC] PHP Notice:  Undefined variable: post_id in /app/public/wp-content/themes/basismit/functions.php on line 292
[07-Oct-2018 16:02:13 UTC] PHP Notice:  Undefined variable: post_id in /app/public/wp-content/themes/basismit/functions.php on line 292
[07-Oct-2018 16:02:13 UTC] PHP Notice:  Undefined variable: post_id in /app/public/wp-content/themes/basismit/functions.php on line 292
[07-Oct-2018 16:03:25 UTC] PHP Notice:  Undefined variable: post_id in /app/public/wp-content/themes/basismit/functions.php on line 292
[07-Oct-2018 16:03:25 UTC] PHP Notice:  Undefined variable: post_id in /app/public/wp-content/themes/basismit/functions.php on line 292
[07-Oct-2018 16:05:21 UTC] PHP Notice:  Undefined variable: post_id in /app/public/wp-content/themes/basismit/functions.php on line 292
[07-Oct-2018 16:05:21 UTC] PHP Notice:  Undefined variable: post_id in /app/public/wp-content/themes/basismit/functions.php on line 292
[07-Oct-2018 16:06:30 UTC] PHP Notice:  Undefined variable: post_id in /app/public/wp-content/themes/basismit/functions.php on line 292
[07-Oct-2018 16:06:30 UTC] PHP Notice:  Undefined variable: post_id in /app/public/wp-content/themes/basismit/functions.php on line 292
[07-Oct-2018 16:08:32 UTC] PHP Notice:  Undefined variable: post_id in /app/public/wp-content/themes/basismit/functions.php on line 292
[07-Oct-2018 16:08:32 UTC] PHP Notice:  Undefined variable: post_id in /app/public/wp-content/themes/basismit/functions.php on line 292
[07-Oct-2018 16:10:21 UTC] PHP Notice:  Undefined variable: post_id in /app/public/wp-content/themes/basismit/functions.php on line 292
[07-Oct-2018 16:10:21 UTC] PHP Notice:  Undefined variable: post_id in /app/public/wp-content/themes/basismit/functions.php on line 292
[07-Oct-2018 16:11:13 UTC] PHP Notice:  Undefined variable: post_id in /app/public/wp-content/themes/basismit/functions.php on line 292
[07-Oct-2018 16:12:51 UTC] PHP Notice:  Undefined variable: post_id in /app/public/wp-content/themes/basismit/functions.php on line 292
[07-Oct-2018 16:12:51 UTC] PHP Notice:  Undefined variable: post_id in /app/public/wp-content/themes/basismit/functions.php on line 292
[07-Oct-2018 17:17:44 UTC] PHP Warning:  call_user_func_array() expects parameter 1 to be a valid callback, function 'scratch_register_fruit' not found or invalid function name in /app/public/wp-includes/class-wp-hook.php on line 286
[07-Oct-2018 17:44:27 UTC] PHP Notice:  Array to string conversion in /app/public/wp-content/themes/basismit/archive-event.php on line 23
[07-Oct-2018 17:44:27 UTC] PHP Notice:  Array to string conversion in /app/public/wp-content/themes/basismit/archive-event.php on line 23
[07-Oct-2018 17:44:27 UTC] PHP Notice:  Array to string conversion in /app/public/wp-content/themes/basismit/archive-event.php on line 23
[07-Oct-2018 17:44:27 UTC] PHP Notice:  Array to string conversion in /app/public/wp-content/themes/basismit/archive-event.php on line 23
[07-Oct-2018 17:44:31 UTC] PHP Notice:  Array to string conversion in /app/public/wp-content/themes/basismit/archive-event.php on line 23
[07-Oct-2018 17:44:31 UTC] PHP Notice:  Array to string conversion in /app/public/wp-content/themes/basismit/archive-event.php on line 23
[07-Oct-2018 17:44:31 UTC] PHP Notice:  Array to string conversion in /app/public/wp-content/themes/basismit/archive-event.php on line 23
[07-Oct-2018 17:44:31 UTC] PHP Notice:  Array to string conversion in /app/public/wp-content/themes/basismit/archive-event.php on line 23
[07-Oct-2018 17:45:23 UTC] PHP Notice:  Array to string conversion in /app/public/wp-content/themes/basismit/archive-event.php on line 24
[07-Oct-2018 17:45:23 UTC] PHP Notice:  Array to string conversion in /app/public/wp-content/themes/basismit/archive-event.php on line 24
[07-Oct-2018 17:45:23 UTC] PHP Notice:  Array to string conversion in /app/public/wp-content/themes/basismit/archive-event.php on line 24
[07-Oct-2018 17:45:23 UTC] PHP Notice:  Array to string conversion in /app/public/wp-content/themes/basismit/archive-event.php on line 24
[07-Oct-2018 17:46:06 UTC] PHP Notice:  Array to string conversion in /app/public/wp-content/themes/basismit/archive-event.php on line 22
[07-Oct-2018 17:46:06 UTC] PHP Notice:  Array to string conversion in /app/public/wp-content/themes/basismit/archive-event.php on line 22
[07-Oct-2018 17:46:06 UTC] PHP Notice:  Array to string conversion in /app/public/wp-content/themes/basismit/archive-event.php on line 22
[07-Oct-2018 17:46:06 UTC] PHP Notice:  Array to string conversion in /app/public/wp-content/themes/basismit/archive-event.php on line 22
