2018-09-26T07:39:52.249274Z 0 [Warning] TIMESTAMP with implicit DEFAULT value is deprecated. Please use --explicit_defaults_for_timestamp server option (see documentation for more details).
2018-09-26T07:39:52.249790Z 0 [Note] /usr/sbin/mysqld (mysqld 5.7.23) starting as process 29 ...
2018-09-26T07:39:52.264800Z 0 [Note] InnoDB: PUNCH HOLE support available
2018-09-26T07:39:52.265607Z 0 [Note] InnoDB: Mutexes and rw_locks use GCC atomic builtins
2018-09-26T07:39:52.266574Z 0 [Note] InnoDB: Uses event mutexes
2018-09-26T07:39:52.267548Z 0 [Note] InnoDB: GCC builtin __atomic_thread_fence() is used for memory barrier
2018-09-26T07:39:52.268528Z 0 [Note] InnoDB: Compressed tables use zlib 1.2.3
2018-09-26T07:39:52.269126Z 0 [Note] InnoDB: Using Linux native AIO
2018-09-26T07:39:52.269702Z 0 [Note] InnoDB: Number of pools: 1
2018-09-26T07:39:52.270570Z 0 [Note] InnoDB: Using CPU crc32 instructions
2018-09-26T07:39:52.272512Z 0 [Note] InnoDB: Initializing buffer pool, total size = 32M, instances = 1, chunk size = 32M
2018-09-26T07:39:52.274882Z 0 [Note] InnoDB: Completed initialization of buffer pool
2018-09-26T07:39:52.279387Z 0 [Note] InnoDB: If the mysqld execution user is authorized, page cleaner thread priority can be changed. See the man page of setpriority().
2018-09-26T07:39:52.290863Z 0 [Note] InnoDB: Highest supported file format is Barracuda.
2018-09-26T07:39:52.291349Z 0 [Note] InnoDB: Log scan progressed past the checkpoint lsn 2588963
2018-09-26T07:39:52.291922Z 0 [Note] InnoDB: Doing recovery: scanned up to log sequence number 2591684
2018-09-26T07:39:52.293214Z 0 [Note] InnoDB: Database was not shutdown normally!
2018-09-26T07:39:52.293921Z 0 [Note] InnoDB: Starting crash recovery.
2018-09-26T07:39:52.475344Z 0 [Note] InnoDB: Starting an apply batch of log records to the database...
InnoDB: Progress in percent: 16 17 18 19 20 21 22 23 24 25 26 27 28 29 30 31 32 33 34 35 36 37 38 39 40 41 42 43 44 45 46 47 48 49 50 51 52 53 54 55 56 57 58 59 60 61 62 63 64 65 66 67 68 69 70 71 72 73 74 75 76 77 78 79 80 81 82 83 84 85 86 87 88 89 90 91 92 93 94 95 96 97 98 99 
2018-09-26T07:39:53.005799Z 0 [Note] InnoDB: Apply batch completed
2018-09-26T07:39:53.108263Z 0 [Note] InnoDB: Removed temporary tablespace data file: "ibtmp1"
2018-09-26T07:39:53.109271Z 0 [Note] InnoDB: Creating shared tablespace for temporary tables
2018-09-26T07:39:53.110280Z 0 [Note] InnoDB: Setting file './ibtmp1' size to 12 MB. Physically writing the file full; Please wait ...
2018-09-26T07:39:53.164836Z 0 [Note] InnoDB: File './ibtmp1' size is now 12 MB.
2018-09-26T07:39:53.165843Z 0 [Note] InnoDB: 96 redo rollback segment(s) found. 96 redo rollback segment(s) are active.
2018-09-26T07:39:53.166388Z 0 [Note] InnoDB: 32 non-redo rollback segment(s) are active.
2018-09-26T07:39:53.167695Z 0 [Note] InnoDB: Waiting for purge to start
2018-09-26T07:39:53.218597Z 0 [Note] InnoDB: 5.7.23 started; log sequence number 2591684
2018-09-26T07:39:53.219998Z 0 [Note] Plugin 'FEDERATED' is disabled.
2018-09-26T07:39:53.222577Z 0 [Note] InnoDB: Loading buffer pool(s) from /var/lib/mysql/ib_buffer_pool
2018-09-26T07:39:53.223602Z 0 [Warning] Failed to set up SSL because of the following SSL library error: SSL context is not usable without certificate and private key
2018-09-26T07:39:53.223760Z 0 [Note] Server hostname (bind-address): '*'; port: 3306
2018-09-26T07:39:53.224310Z 0 [Note] IPv6 is available.
2018-09-26T07:39:53.225315Z 0 [Note]   - '::' resolves to '::';
2018-09-26T07:39:53.226069Z 0 [Note] Server socket created on IP: '::'.
2018-09-26T07:39:53.224883Z 0 [Note] InnoDB: Buffer pool(s) load completed at 180926  7:39:53
2018-09-26T07:39:53.250115Z 0 [Warning] Insecure configuration for --pid-file: Location '/var/run/mysqld' in the path is accessible to all OS users. Consider choosing a different directory.
2018-09-26T07:39:53.251439Z 0 [ERROR] /usr/sbin/mysqld: Table './mysql/user' is marked as crashed and should be repaired
2018-09-26T07:39:53.252567Z 0 [Warning] Checking table:   './mysql/user'
2018-09-26T07:39:53.253427Z 0 [ERROR] 1 client is using or hasn't closed the table properly
2018-09-26T07:39:53.254506Z 0 [Warning] 'user' entry 'root@localhost' ignored in --skip-name-resolve mode.
2018-09-26T07:39:53.255385Z 0 [Warning] 'user' entry 'mysql.session@localhost' ignored in --skip-name-resolve mode.
2018-09-26T07:39:53.256333Z 0 [Warning] 'user' entry 'mysql.sys@localhost' ignored in --skip-name-resolve mode.
2018-09-26T07:39:53.257335Z 0 [Warning] 'db' entry 'performance_schema mysql.session@localhost' ignored in --skip-name-resolve mode.
2018-09-26T07:39:53.258304Z 0 [Warning] 'db' entry 'sys mysql.sys@localhost' ignored in --skip-name-resolve mode.
2018-09-26T07:39:53.258887Z 0 [Warning] 'proxies_priv' entry '@ root@localhost' ignored in --skip-name-resolve mode.
2018-09-26T07:39:53.260233Z 0 [Warning] 'tables_priv' entry 'user mysql.session@localhost' ignored in --skip-name-resolve mode.
2018-09-26T07:39:53.261229Z 0 [Warning] 'tables_priv' entry 'sys_config mysql.sys@localhost' ignored in --skip-name-resolve mode.
2018-09-26T07:39:53.280587Z 0 [Note] Event Scheduler: Loaded 0 events
2018-09-26T07:39:53.289238Z 0 [Note] /usr/sbin/mysqld: ready for connections.
Version: '5.7.23'  socket: '/var/run/mysqld/mysqld.sock'  port: 3306  MySQL Community Server (GPL)
2018-09-26T07:40:24.312409Z 4 [ERROR] /usr/sbin/mysqld: Table './mysql/proc' is marked as crashed and should be repaired
2018-09-26T07:40:24.312644Z 4 [Warning] Checking table:   './mysql/proc'
2018-09-26T07:40:24.321392Z 6 [Warning] 'user' entry 'root@localhost' ignored in --skip-name-resolve mode.
2018-09-26T07:40:24.321509Z 6 [Warning] 'user' entry 'mysql.session@localhost' ignored in --skip-name-resolve mode.
2018-09-26T07:40:24.321617Z 6 [Warning] 'user' entry 'mysql.sys@localhost' ignored in --skip-name-resolve mode.
2018-09-26T07:40:24.321720Z 6 [Warning] 'db' entry 'performance_schema mysql.session@localhost' ignored in --skip-name-resolve mode.
2018-09-26T07:40:24.321827Z 6 [Warning] 'db' entry 'sys mysql.sys@localhost' ignored in --skip-name-resolve mode.
2018-09-26T07:40:24.321917Z 6 [Warning] 'proxies_priv' entry '@ root@localhost' ignored in --skip-name-resolve mode.
2018-09-26T07:40:24.322111Z 6 [Warning] 'tables_priv' entry 'user mysql.session@localhost' ignored in --skip-name-resolve mode.
2018-09-26T07:40:24.322187Z 6 [Warning] 'tables_priv' entry 'sys_config mysql.sys@localhost' ignored in --skip-name-resolve mode.
2018-09-26T08:40:40.026970Z 0 [Note] Giving 1 client threads a chance to die gracefully
2018-09-26T08:40:40.027388Z 0 [Note] Shutting down slave threads
2018-09-26T08:40:42.028947Z 0 [Note] Forcefully disconnecting 0 remaining clients
2018-09-26T08:40:42.029120Z 0 [Note] Event Scheduler: Purging the queue. 0 events
2018-09-26T08:40:42.029325Z 0 [Note] Binlog end
2018-09-26T08:40:42.034175Z 0 [Note] Shutting down plugin 'ngram'
2018-09-26T08:40:42.034294Z 0 [Note] Shutting down plugin 'partition'
2018-09-26T08:40:42.034449Z 0 [Note] Shutting down plugin 'BLACKHOLE'
2018-09-26T08:40:42.034536Z 0 [Note] Shutting down plugin 'ARCHIVE'
2018-09-26T08:40:42.034616Z 0 [Note] Shutting down plugin 'PERFORMANCE_SCHEMA'
2018-09-26T08:40:42.034713Z 0 [Note] Shutting down plugin 'MRG_MYISAM'
2018-09-26T08:40:42.034792Z 0 [Note] Shutting down plugin 'MyISAM'
2018-09-26T08:40:42.034887Z 0 [Note] Shutting down plugin 'INNODB_SYS_VIRTUAL'
2018-09-26T08:40:42.034961Z 0 [Note] Shutting down plugin 'INNODB_SYS_DATAFILES'
2018-09-26T08:40:42.035035Z 0 [Note] Shutting down plugin 'INNODB_SYS_TABLESPACES'
2018-09-26T08:40:42.035107Z 0 [Note] Shutting down plugin 'INNODB_SYS_FOREIGN_COLS'
2018-09-26T08:40:42.035182Z 0 [Note] Shutting down plugin 'INNODB_SYS_FOREIGN'
2018-09-26T08:40:42.035266Z 0 [Note] Shutting down plugin 'INNODB_SYS_FIELDS'
2018-09-26T08:40:42.035323Z 0 [Note] Shutting down plugin 'INNODB_SYS_COLUMNS'
2018-09-26T08:40:42.035376Z 0 [Note] Shutting down plugin 'INNODB_SYS_INDEXES'
2018-09-26T08:40:42.035429Z 0 [Note] Shutting down plugin 'INNODB_SYS_TABLESTATS'
2018-09-26T08:40:42.035481Z 0 [Note] Shutting down plugin 'INNODB_SYS_TABLES'
2018-09-26T08:40:42.035534Z 0 [Note] Shutting down plugin 'INNODB_FT_INDEX_TABLE'
2018-09-26T08:40:42.035673Z 0 [Note] Shutting down plugin 'INNODB_FT_INDEX_CACHE'
2018-09-26T08:40:42.035740Z 0 [Note] Shutting down plugin 'INNODB_FT_CONFIG'
2018-09-26T08:40:42.035797Z 0 [Note] Shutting down plugin 'INNODB_FT_BEING_DELETED'
2018-09-26T08:40:42.035850Z 0 [Note] Shutting down plugin 'INNODB_FT_DELETED'
2018-09-26T08:40:42.035908Z 0 [Note] Shutting down plugin 'INNODB_FT_DEFAULT_STOPWORD'
2018-09-26T08:40:42.035953Z 0 [Note] Shutting down plugin 'INNODB_METRICS'
2018-09-26T08:40:42.036000Z 0 [Note] Shutting down plugin 'INNODB_TEMP_TABLE_INFO'
2018-09-26T08:40:42.036045Z 0 [Note] Shutting down plugin 'INNODB_BUFFER_POOL_STATS'
2018-09-26T08:40:42.036089Z 0 [Note] Shutting down plugin 'INNODB_BUFFER_PAGE_LRU'
2018-09-26T08:40:42.036133Z 0 [Note] Shutting down plugin 'INNODB_BUFFER_PAGE'
2018-09-26T08:40:42.036177Z 0 [Note] Shutting down plugin 'INNODB_CMP_PER_INDEX_RESET'
2018-09-26T08:40:42.036221Z 0 [Note] Shutting down plugin 'INNODB_CMP_PER_INDEX'
2018-09-26T08:40:42.036265Z 0 [Note] Shutting down plugin 'INNODB_CMPMEM_RESET'
2018-09-26T08:40:42.036309Z 0 [Note] Shutting down plugin 'INNODB_CMPMEM'
2018-09-26T08:40:42.036353Z 0 [Note] Shutting down plugin 'INNODB_CMP_RESET'
2018-09-26T08:40:42.036397Z 0 [Note] Shutting down plugin 'INNODB_CMP'
2018-09-26T08:40:42.036441Z 0 [Note] Shutting down plugin 'INNODB_LOCK_WAITS'
2018-09-26T08:40:42.036485Z 0 [Note] Shutting down plugin 'INNODB_LOCKS'
2018-09-26T08:40:42.036529Z 0 [Note] Shutting down plugin 'INNODB_TRX'
2018-09-26T08:40:42.036573Z 0 [Note] Shutting down plugin 'InnoDB'
2018-09-26T08:40:42.036691Z 0 [Note] InnoDB: FTS optimize thread exiting.
2018-09-26T08:40:42.036924Z 0 [Note] InnoDB: Starting shutdown...
2018-09-26T08:40:42.138787Z 0 [Note] InnoDB: Dumping buffer pool(s) to /var/lib/mysql/ib_buffer_pool
2018-09-26T08:40:42.139746Z 0 [Note] InnoDB: Buffer pool(s) dump completed at 180926  8:40:42
2018-09-26T08:42:47.489257Z 0 [Warning] TIMESTAMP with implicit DEFAULT value is deprecated. Please use --explicit_defaults_for_timestamp server option (see documentation for more details).
2018-09-26T08:42:47.489480Z 0 [Note] /usr/sbin/mysqld (mysqld 5.7.23) starting as process 66 ...
2018-09-26T08:42:47.503471Z 0 [Note] InnoDB: PUNCH HOLE support available
2018-09-26T08:42:47.504160Z 0 [Note] InnoDB: Mutexes and rw_locks use GCC atomic builtins
2018-09-26T08:42:47.504829Z 0 [Note] InnoDB: Uses event mutexes
2018-09-26T08:42:47.505064Z 0 [Note] InnoDB: GCC builtin __atomic_thread_fence() is used for memory barrier
2018-09-26T08:42:47.506039Z 0 [Note] InnoDB: Compressed tables use zlib 1.2.3
2018-09-26T08:42:47.507005Z 0 [Note] InnoDB: Using Linux native AIO
2018-09-26T08:42:47.508129Z 0 [Note] InnoDB: Number of pools: 1
2018-09-26T08:42:47.509072Z 0 [Note] InnoDB: Using CPU crc32 instructions
2018-09-26T08:42:47.511055Z 0 [Note] InnoDB: Initializing buffer pool, total size = 32M, instances = 1, chunk size = 32M
2018-09-26T08:42:47.513290Z 0 [Note] InnoDB: Completed initialization of buffer pool
2018-09-26T08:42:47.519015Z 0 [Note] InnoDB: If the mysqld execution user is authorized, page cleaner thread priority can be changed. See the man page of setpriority().
2018-09-26T08:42:47.526390Z 0 [Note] InnoDB: Highest supported file format is Barracuda.
2018-09-26T08:42:47.526877Z 0 [Note] InnoDB: Log scan progressed past the checkpoint lsn 3938344
2018-09-26T08:42:47.527061Z 0 [Note] InnoDB: Doing recovery: scanned up to log sequence number 3938381
2018-09-26T08:42:47.527592Z 0 [Note] InnoDB: Database was not shutdown normally!
2018-09-26T08:42:47.528487Z 0 [Note] InnoDB: Starting crash recovery.
2018-09-26T08:42:47.642521Z 0 [Note] InnoDB: Removed temporary tablespace data file: "ibtmp1"
2018-09-26T08:42:47.642755Z 0 [Note] InnoDB: Creating shared tablespace for temporary tables
2018-09-26T08:42:47.643401Z 0 [Note] InnoDB: Setting file './ibtmp1' size to 12 MB. Physically writing the file full; Please wait ...
2018-09-26T08:42:47.672249Z 0 [Note] InnoDB: File './ibtmp1' size is now 12 MB.
2018-09-26T08:42:47.673449Z 0 [Note] InnoDB: 96 redo rollback segment(s) found. 96 redo rollback segment(s) are active.
2018-09-26T08:42:47.673970Z 0 [Note] InnoDB: 32 non-redo rollback segment(s) are active.
2018-09-26T08:42:47.675281Z 0 [Note] InnoDB: Waiting for purge to start
2018-09-26T08:42:47.726317Z 0 [Note] InnoDB: 5.7.23 started; log sequence number 3938381
2018-09-26T08:42:47.726991Z 0 [Note] Plugin 'FEDERATED' is disabled.
2018-09-26T08:42:47.729029Z 0 [Warning] Failed to set up SSL because of the following SSL library error: SSL context is not usable without certificate and private key
2018-09-26T08:42:47.729655Z 0 [Note] Server hostname (bind-address): '*'; port: 3306
2018-09-26T08:42:47.730647Z 0 [Note] IPv6 is available.
2018-09-26T08:42:47.731580Z 0 [Note]   - '::' resolves to '::';
2018-09-26T08:42:47.732420Z 0 [Note] Server socket created on IP: '::'.
2018-09-26T08:42:47.730721Z 0 [Note] InnoDB: Loading buffer pool(s) from /var/lib/mysql/ib_buffer_pool
2018-09-26T08:42:47.733633Z 0 [Note] InnoDB: Buffer pool(s) load completed at 180926  8:42:47
2018-09-26T08:42:47.741958Z 0 [Warning] Insecure configuration for --pid-file: Location '/var/run/mysqld' in the path is accessible to all OS users. Consider choosing a different directory.
2018-09-26T08:42:47.743129Z 0 [Warning] 'user' entry 'root@localhost' ignored in --skip-name-resolve mode.
2018-09-26T08:42:47.743360Z 0 [Warning] 'user' entry 'mysql.session@localhost' ignored in --skip-name-resolve mode.
2018-09-26T08:42:47.744300Z 0 [Warning] 'user' entry 'mysql.sys@localhost' ignored in --skip-name-resolve mode.
2018-09-26T08:42:47.745293Z 0 [Warning] 'db' entry 'performance_schema mysql.session@localhost' ignored in --skip-name-resolve mode.
2018-09-26T08:42:47.746225Z 0 [Warning] 'db' entry 'sys mysql.sys@localhost' ignored in --skip-name-resolve mode.
2018-09-26T08:42:47.747204Z 0 [Warning] 'proxies_priv' entry '@ root@localhost' ignored in --skip-name-resolve mode.
2018-09-26T08:42:47.749088Z 0 [Warning] 'tables_priv' entry 'user mysql.session@localhost' ignored in --skip-name-resolve mode.
2018-09-26T08:42:47.750123Z 0 [Warning] 'tables_priv' entry 'sys_config mysql.sys@localhost' ignored in --skip-name-resolve mode.
2018-09-26T08:42:47.759403Z 0 [Note] Event Scheduler: Loaded 0 events
2018-09-26T08:42:47.761163Z 0 [Note] /usr/sbin/mysqld: ready for connections.
Version: '5.7.23'  socket: '/var/run/mysqld/mysqld.sock'  port: 3306  MySQL Community Server (GPL)
2018-09-26T09:35:54.012097Z 0 [Note] InnoDB: page_cleaner: 1000ms intended loop took 198674ms. The settings might not be optimal. (flushed=0 and evicted=0, during the time.)
2018-09-26T11:23:11.778476Z 0 [Note] InnoDB: page_cleaner: 1000ms intended loop took 172143ms. The settings might not be optimal. (flushed=0 and evicted=0, during the time.)
2018-09-26T13:27:45.013680Z 0 [Note] Giving 1 client threads a chance to die gracefully
2018-09-26T13:27:45.014329Z 0 [Note] Shutting down slave threads
2018-09-26T13:27:47.015184Z 0 [Note] Forcefully disconnecting 0 remaining clients
2018-09-26T13:27:47.015344Z 0 [Note] Event Scheduler: Purging the queue. 0 events
2018-09-26T13:27:47.015507Z 0 [Note] Binlog end
2018-09-26T13:27:47.018610Z 0 [Note] Shutting down plugin 'ngram'
2018-09-26T13:27:47.018695Z 0 [Note] Shutting down plugin 'partition'
2018-09-26T13:27:47.018761Z 0 [Note] Shutting down plugin 'BLACKHOLE'
2018-09-26T13:27:47.018824Z 0 [Note] Shutting down plugin 'ARCHIVE'
2018-09-26T13:27:47.018883Z 0 [Note] Shutting down plugin 'PERFORMANCE_SCHEMA'
2018-09-26T13:27:47.018959Z 0 [Note] Shutting down plugin 'MRG_MYISAM'
2018-09-26T13:27:47.019020Z 0 [Note] Shutting down plugin 'MyISAM'
2018-09-26T13:27:47.019084Z 0 [Note] Shutting down plugin 'INNODB_SYS_VIRTUAL'
2018-09-26T13:27:47.019144Z 0 [Note] Shutting down plugin 'INNODB_SYS_DATAFILES'
2018-09-26T13:27:47.019202Z 0 [Note] Shutting down plugin 'INNODB_SYS_TABLESPACES'
2018-09-26T13:27:47.019260Z 0 [Note] Shutting down plugin 'INNODB_SYS_FOREIGN_COLS'
2018-09-26T13:27:47.019317Z 0 [Note] Shutting down plugin 'INNODB_SYS_FOREIGN'
2018-09-26T13:27:47.019394Z 0 [Note] Shutting down plugin 'INNODB_SYS_FIELDS'
2018-09-26T13:27:47.019518Z 0 [Note] Shutting down plugin 'INNODB_SYS_COLUMNS'
2018-09-26T13:27:47.019579Z 0 [Note] Shutting down plugin 'INNODB_SYS_INDEXES'
2018-09-26T13:27:47.019640Z 0 [Note] Shutting down plugin 'INNODB_SYS_TABLESTATS'
2018-09-26T13:27:47.019700Z 0 [Note] Shutting down plugin 'INNODB_SYS_TABLES'
2018-09-26T13:27:47.019748Z 0 [Note] Shutting down plugin 'INNODB_FT_INDEX_TABLE'
2018-09-26T13:27:47.019796Z 0 [Note] Shutting down plugin 'INNODB_FT_INDEX_CACHE'
2018-09-26T13:27:47.019843Z 0 [Note] Shutting down plugin 'INNODB_FT_CONFIG'
2018-09-26T13:27:47.019890Z 0 [Note] Shutting down plugin 'INNODB_FT_BEING_DELETED'
2018-09-26T13:27:47.019938Z 0 [Note] Shutting down plugin 'INNODB_FT_DELETED'
2018-09-26T13:27:47.019986Z 0 [Note] Shutting down plugin 'INNODB_FT_DEFAULT_STOPWORD'
2018-09-26T13:27:47.020033Z 0 [Note] Shutting down plugin 'INNODB_METRICS'
2018-09-26T13:27:47.020081Z 0 [Note] Shutting down plugin 'INNODB_TEMP_TABLE_INFO'
2018-09-26T13:27:47.020128Z 0 [Note] Shutting down plugin 'INNODB_BUFFER_POOL_STATS'
2018-09-26T13:27:47.020176Z 0 [Note] Shutting down plugin 'INNODB_BUFFER_PAGE_LRU'
2018-09-26T13:27:47.020242Z 0 [Note] Shutting down plugin 'INNODB_BUFFER_PAGE'
2018-09-26T13:27:47.020294Z 0 [Note] Shutting down plugin 'INNODB_CMP_PER_INDEX_RESET'
2018-09-26T13:27:47.020342Z 0 [Note] Shutting down plugin 'INNODB_CMP_PER_INDEX'
2018-09-26T13:27:47.020393Z 0 [Note] Shutting down plugin 'INNODB_CMPMEM_RESET'
2018-09-26T13:27:47.020441Z 0 [Note] Shutting down plugin 'INNODB_CMPMEM'
2018-09-26T13:27:47.020490Z 0 [Note] Shutting down plugin 'INNODB_CMP_RESET'
2018-09-26T13:27:47.020537Z 0 [Note] Shutting down plugin 'INNODB_CMP'
2018-09-26T13:27:47.020585Z 0 [Note] Shutting down plugin 'INNODB_LOCK_WAITS'
2018-09-26T13:27:47.020633Z 0 [Note] Shutting down plugin 'INNODB_LOCKS'
2018-09-26T13:27:47.020688Z 0 [Note] Shutting down plugin 'INNODB_TRX'
2018-09-26T13:27:47.020730Z 0 [Note] Shutting down plugin 'InnoDB'
2018-09-26T13:27:47.020852Z 0 [Note] InnoDB: FTS optimize thread exiting.
2018-09-26T13:27:47.021001Z 0 [Note] InnoDB: Starting shutdown...
2018-09-26T13:27:47.124238Z 0 [Note] InnoDB: Dumping buffer pool(s) to /var/lib/mysql/ib_buffer_pool
2018-09-26T13:27:47.129168Z 0 [Note] InnoDB: Buffer pool(s) dump completed at 180926 13:27:47
2018-09-26T13:27:51.952276Z 0 [Warning] TIMESTAMP with implicit DEFAULT value is deprecated. Please use --explicit_defaults_for_timestamp server option (see documentation for more details).
2018-09-26T13:27:51.962013Z 0 [Note] /usr/sbin/mysqld (mysqld 5.7.23) starting as process 66 ...
2018-09-26T13:27:51.976069Z 0 [Note] InnoDB: PUNCH HOLE support available
2018-09-26T13:27:51.976480Z 0 [Note] InnoDB: Mutexes and rw_locks use GCC atomic builtins
2018-09-26T13:27:51.977373Z 0 [Note] InnoDB: Uses event mutexes
2018-09-26T13:27:51.978415Z 0 [Note] InnoDB: GCC builtin __atomic_thread_fence() is used for memory barrier
2018-09-26T13:27:51.979361Z 0 [Note] InnoDB: Compressed tables use zlib 1.2.3
2018-09-26T13:27:51.980315Z 0 [Note] InnoDB: Using Linux native AIO
2018-09-26T13:27:51.981341Z 0 [Note] InnoDB: Number of pools: 1
2018-09-26T13:27:51.981668Z 0 [Note] InnoDB: Using CPU crc32 instructions
2018-09-26T13:27:51.983793Z 0 [Note] InnoDB: Initializing buffer pool, total size = 32M, instances = 1, chunk size = 32M
2018-09-26T13:27:51.986559Z 0 [Note] InnoDB: Completed initialization of buffer pool
2018-09-26T13:27:51.999806Z 0 [Note] InnoDB: If the mysqld execution user is authorized, page cleaner thread priority can be changed. See the man page of setpriority().
2018-09-26T13:27:52.009935Z 0 [Note] InnoDB: Highest supported file format is Barracuda.
2018-09-26T13:27:52.011601Z 0 [Note] InnoDB: Log scan progressed past the checkpoint lsn 5053255
2018-09-26T13:27:52.012303Z 0 [Note] InnoDB: Doing recovery: scanned up to log sequence number 5053264
2018-09-26T13:27:52.012490Z 0 [Note] InnoDB: Database was not shutdown normally!
2018-09-26T13:27:52.013592Z 0 [Note] InnoDB: Starting crash recovery.
2018-09-26T13:27:52.126740Z 0 [Note] InnoDB: Removed temporary tablespace data file: "ibtmp1"
2018-09-26T13:27:52.127815Z 0 [Note] InnoDB: Creating shared tablespace for temporary tables
2018-09-26T13:27:52.128944Z 0 [Note] InnoDB: Setting file './ibtmp1' size to 12 MB. Physically writing the file full; Please wait ...
2018-09-26T13:27:52.166805Z 0 [Note] InnoDB: File './ibtmp1' size is now 12 MB.
2018-09-26T13:27:52.168374Z 0 [Note] InnoDB: 96 redo rollback segment(s) found. 96 redo rollback segment(s) are active.
2018-09-26T13:27:52.168855Z 0 [Note] InnoDB: 32 non-redo rollback segment(s) are active.
2018-09-26T13:27:52.170213Z 0 [Note] InnoDB: Waiting for purge to start
2018-09-26T13:27:52.221645Z 0 [Note] InnoDB: 5.7.23 started; log sequence number 5053264
2018-09-26T13:27:52.222690Z 0 [Note] Plugin 'FEDERATED' is disabled.
2018-09-26T13:27:52.224446Z 0 [Warning] Failed to set up SSL because of the following SSL library error: SSL context is not usable without certificate and private key
2018-09-26T13:27:52.224543Z 0 [Note] Server hostname (bind-address): '*'; port: 3306
2018-09-26T13:27:52.225536Z 0 [Note] IPv6 is available.
2018-09-26T13:27:52.226395Z 0 [Note]   - '::' resolves to '::';
2018-09-26T13:27:52.226523Z 0 [Note] Server socket created on IP: '::'.
2018-09-26T13:27:52.226975Z 0 [Note] InnoDB: Loading buffer pool(s) from /var/lib/mysql/ib_buffer_pool
2018-09-26T13:27:52.229864Z 0 [Warning] Insecure configuration for --pid-file: Location '/var/run/mysqld' in the path is accessible to all OS users. Consider choosing a different directory.
2018-09-26T13:27:52.231289Z 0 [Warning] 'user' entry 'root@localhost' ignored in --skip-name-resolve mode.
2018-09-26T13:27:52.231401Z 0 [Warning] 'user' entry 'mysql.session@localhost' ignored in --skip-name-resolve mode.
2018-09-26T13:27:52.232098Z 0 [Warning] 'user' entry 'mysql.sys@localhost' ignored in --skip-name-resolve mode.
2018-09-26T13:27:52.232386Z 0 [Warning] 'db' entry 'performance_schema mysql.session@localhost' ignored in --skip-name-resolve mode.
2018-09-26T13:27:52.233338Z 0 [Warning] 'db' entry 'sys mysql.sys@localhost' ignored in --skip-name-resolve mode.
2018-09-26T13:27:52.234185Z 0 [Warning] 'proxies_priv' entry '@ root@localhost' ignored in --skip-name-resolve mode.
2018-09-26T13:27:52.235290Z 0 [Warning] 'tables_priv' entry 'user mysql.session@localhost' ignored in --skip-name-resolve mode.
2018-09-26T13:27:52.236286Z 0 [Warning] 'tables_priv' entry 'sys_config mysql.sys@localhost' ignored in --skip-name-resolve mode.
2018-09-26T13:27:52.232223Z 0 [Note] InnoDB: Buffer pool(s) load completed at 180926 13:27:52
2018-09-26T13:27:52.251973Z 0 [Note] Event Scheduler: Loaded 0 events
2018-09-26T13:27:52.260431Z 0 [Note] /usr/sbin/mysqld: ready for connections.
Version: '5.7.23'  socket: '/var/run/mysqld/mysqld.sock'  port: 3306  MySQL Community Server (GPL)
2018-09-26T13:43:47.292405Z 0 [Note] InnoDB: page_cleaner: 1000ms intended loop took 83753ms. The settings might not be optimal. (flushed=0 and evicted=0, during the time.)
2018-09-26T15:27:51.049051Z 0 [Warning] TIMESTAMP with implicit DEFAULT value is deprecated. Please use --explicit_defaults_for_timestamp server option (see documentation for more details).
2018-09-26T15:27:51.051689Z 0 [Note] /usr/sbin/mysqld (mysqld 5.7.23) starting as process 53 ...
2018-09-26T15:27:51.088871Z 0 [Note] InnoDB: PUNCH HOLE support available
2018-09-26T15:27:51.089609Z 0 [Note] InnoDB: Mutexes and rw_locks use GCC atomic builtins
2018-09-26T15:27:51.090113Z 0 [Note] InnoDB: Uses event mutexes
2018-09-26T15:27:51.090568Z 0 [Note] InnoDB: GCC builtin __atomic_thread_fence() is used for memory barrier
2018-09-26T15:27:51.091542Z 0 [Note] InnoDB: Compressed tables use zlib 1.2.3
2018-09-26T15:27:51.092164Z 0 [Note] InnoDB: Using Linux native AIO
2018-09-26T15:27:51.094150Z 0 [Note] InnoDB: Number of pools: 1
2018-09-26T15:27:51.097494Z 0 [Note] InnoDB: Using CPU crc32 instructions
2018-09-26T15:27:51.102504Z 0 [Note] InnoDB: Initializing buffer pool, total size = 32M, instances = 1, chunk size = 32M
2018-09-26T15:27:51.106963Z 0 [Note] InnoDB: Completed initialization of buffer pool
2018-09-26T15:27:51.115744Z 0 [Note] InnoDB: If the mysqld execution user is authorized, page cleaner thread priority can be changed. See the man page of setpriority().
2018-09-26T15:27:51.135776Z 0 [Note] InnoDB: Highest supported file format is Barracuda.
2018-09-26T15:27:51.138646Z 0 [Note] InnoDB: Log scan progressed past the checkpoint lsn 5053283
2018-09-26T15:27:51.139415Z 0 [Note] InnoDB: Doing recovery: scanned up to log sequence number 5053292
2018-09-26T15:27:51.140333Z 0 [Note] InnoDB: Database was not shutdown normally!
2018-09-26T15:27:51.141305Z 0 [Note] InnoDB: Starting crash recovery.
2018-09-26T15:27:51.314813Z 0 [Note] InnoDB: Removed temporary tablespace data file: "ibtmp1"
2018-09-26T15:27:51.315253Z 0 [Note] InnoDB: Creating shared tablespace for temporary tables
2018-09-26T15:27:51.315862Z 0 [Note] InnoDB: Setting file './ibtmp1' size to 12 MB. Physically writing the file full; Please wait ...
2018-09-26T15:27:51.383659Z 0 [Note] InnoDB: File './ibtmp1' size is now 12 MB.
2018-09-26T15:27:51.384668Z 0 [Note] InnoDB: 96 redo rollback segment(s) found. 96 redo rollback segment(s) are active.
2018-09-26T15:27:51.384774Z 0 [Note] InnoDB: 32 non-redo rollback segment(s) are active.
2018-09-26T15:27:51.386180Z 0 [Note] InnoDB: Waiting for purge to start
2018-09-26T15:27:51.436805Z 0 [Note] InnoDB: 5.7.23 started; log sequence number 5053292
2018-09-26T15:27:51.439000Z 0 [Note] Plugin 'FEDERATED' is disabled.
2018-09-26T15:27:51.440682Z 0 [Note] InnoDB: Loading buffer pool(s) from /var/lib/mysql/ib_buffer_pool
2018-09-26T15:27:51.445333Z 0 [Warning] Failed to set up SSL because of the following SSL library error: SSL context is not usable without certificate and private key
2018-09-26T15:27:51.445526Z 0 [Note] Server hostname (bind-address): '*'; port: 3306
2018-09-26T15:27:51.446287Z 0 [Note] IPv6 is available.
2018-09-26T15:27:51.446805Z 0 [Note]   - '::' resolves to '::';
2018-09-26T15:27:51.447142Z 0 [Note] Server socket created on IP: '::'.
2018-09-26T15:27:51.449019Z 0 [Note] InnoDB: Buffer pool(s) load completed at 180926 15:27:51
2018-09-26T15:27:51.454432Z 0 [Warning] Insecure configuration for --pid-file: Location '/var/run/mysqld' in the path is accessible to all OS users. Consider choosing a different directory.
2018-09-26T15:27:51.458426Z 0 [Warning] 'user' entry 'root@localhost' ignored in --skip-name-resolve mode.
2018-09-26T15:27:51.458732Z 0 [Warning] 'user' entry 'mysql.session@localhost' ignored in --skip-name-resolve mode.
2018-09-26T15:27:51.459393Z 0 [Warning] 'user' entry 'mysql.sys@localhost' ignored in --skip-name-resolve mode.
2018-09-26T15:27:51.459936Z 0 [Warning] 'db' entry 'performance_schema mysql.session@localhost' ignored in --skip-name-resolve mode.
2018-09-26T15:27:51.460661Z 0 [Warning] 'db' entry 'sys mysql.sys@localhost' ignored in --skip-name-resolve mode.
2018-09-26T15:27:51.464575Z 0 [Warning] 'proxies_priv' entry '@ root@localhost' ignored in --skip-name-resolve mode.
2018-09-26T15:27:51.487692Z 0 [Warning] 'tables_priv' entry 'user mysql.session@localhost' ignored in --skip-name-resolve mode.
2018-09-26T15:27:51.488003Z 0 [Warning] 'tables_priv' entry 'sys_config mysql.sys@localhost' ignored in --skip-name-resolve mode.
2018-09-26T15:27:51.518624Z 0 [Note] Event Scheduler: Loaded 0 events
2018-09-26T15:27:51.525271Z 0 [Note] /usr/sbin/mysqld: ready for connections.
Version: '5.7.23'  socket: '/var/run/mysqld/mysqld.sock'  port: 3306  MySQL Community Server (GPL)
2018-09-27T14:26:55.317231Z 0 [Note] InnoDB: page_cleaner: 1000ms intended loop took 81128460ms. The settings might not be optimal. (flushed=0 and evicted=0, during the time.)
2018-10-02T11:14:25.877442Z 0 [Warning] TIMESTAMP with implicit DEFAULT value is deprecated. Please use --explicit_defaults_for_timestamp server option (see documentation for more details).
2018-10-02T11:14:25.881641Z 0 [Note] /usr/sbin/mysqld (mysqld 5.7.23) starting as process 55 ...
2018-10-02T11:14:25.939188Z 0 [Note] InnoDB: PUNCH HOLE support available
2018-10-02T11:14:25.939556Z 0 [Note] InnoDB: Mutexes and rw_locks use GCC atomic builtins
2018-10-02T11:14:25.940545Z 0 [Note] InnoDB: Uses event mutexes
2018-10-02T11:14:25.941178Z 0 [Note] InnoDB: GCC builtin __atomic_thread_fence() is used for memory barrier
2018-10-02T11:14:25.941518Z 0 [Note] InnoDB: Compressed tables use zlib 1.2.3
2018-10-02T11:14:25.942503Z 0 [Note] InnoDB: Using Linux native AIO
2018-10-02T11:14:25.945816Z 0 [Note] InnoDB: Number of pools: 1
2018-10-02T11:14:25.950227Z 0 [Note] InnoDB: Using CPU crc32 instructions
2018-10-02T11:14:25.954740Z 0 [Note] InnoDB: Initializing buffer pool, total size = 32M, instances = 1, chunk size = 32M
2018-10-02T11:14:25.964934Z 0 [Note] InnoDB: Completed initialization of buffer pool
2018-10-02T11:14:25.969646Z 0 [Note] InnoDB: If the mysqld execution user is authorized, page cleaner thread priority can be changed. See the man page of setpriority().
2018-10-02T11:14:25.994970Z 0 [Note] InnoDB: Highest supported file format is Barracuda.
2018-10-02T11:14:26.002530Z 0 [Note] InnoDB: Log scan progressed past the checkpoint lsn 5053311
2018-10-02T11:14:26.003009Z 0 [Note] InnoDB: Doing recovery: scanned up to log sequence number 5053320
2018-10-02T11:14:26.003142Z 0 [Note] InnoDB: Database was not shutdown normally!
2018-10-02T11:14:26.004000Z 0 [Note] InnoDB: Starting crash recovery.
2018-10-02T11:14:26.210911Z 0 [Note] InnoDB: Removed temporary tablespace data file: "ibtmp1"
2018-10-02T11:14:26.211093Z 0 [Note] InnoDB: Creating shared tablespace for temporary tables
2018-10-02T11:14:26.212112Z 0 [Note] InnoDB: Setting file './ibtmp1' size to 12 MB. Physically writing the file full; Please wait ...
2018-10-02T11:14:26.754632Z 0 [Note] InnoDB: File './ibtmp1' size is now 12 MB.
2018-10-02T11:14:26.924847Z 0 [Note] InnoDB: 96 redo rollback segment(s) found. 96 redo rollback segment(s) are active.
2018-10-02T11:14:26.925434Z 0 [Note] InnoDB: 32 non-redo rollback segment(s) are active.
2018-10-02T11:14:26.975607Z 0 [Note] InnoDB: Waiting for purge to start
2018-10-02T11:14:27.125494Z 0 [Note] InnoDB: 5.7.23 started; log sequence number 5053320
2018-10-02T11:14:27.284747Z 0 [Note] InnoDB: Loading buffer pool(s) from /var/lib/mysql/ib_buffer_pool
2018-10-02T11:14:27.300506Z 0 [Note] InnoDB: Buffer pool(s) load completed at 181002 11:14:27
2018-10-02T11:14:27.325408Z 0 [Note] Plugin 'FEDERATED' is disabled.
2018-10-02T11:14:27.335587Z 0 [Warning] Failed to set up SSL because of the following SSL library error: SSL context is not usable without certificate and private key
2018-10-02T11:14:27.336233Z 0 [Note] Server hostname (bind-address): '*'; port: 3306
2018-10-02T11:14:27.376602Z 0 [Note] IPv6 is available.
2018-10-02T11:14:27.377538Z 0 [Note]   - '::' resolves to '::';
2018-10-02T11:14:27.377637Z 0 [Note] Server socket created on IP: '::'.
2018-10-02T11:14:27.381767Z 0 [Warning] Insecure configuration for --pid-file: Location '/var/run/mysqld' in the path is accessible to all OS users. Consider choosing a different directory.
2018-10-02T11:14:27.387308Z 0 [Warning] 'user' entry 'root@localhost' ignored in --skip-name-resolve mode.
2018-10-02T11:14:27.387969Z 0 [Warning] 'user' entry 'mysql.session@localhost' ignored in --skip-name-resolve mode.
2018-10-02T11:14:27.388943Z 0 [Warning] 'user' entry 'mysql.sys@localhost' ignored in --skip-name-resolve mode.
2018-10-02T11:14:27.390317Z 0 [Warning] 'db' entry 'performance_schema mysql.session@localhost' ignored in --skip-name-resolve mode.
2018-10-02T11:14:27.390870Z 0 [Warning] 'db' entry 'sys mysql.sys@localhost' ignored in --skip-name-resolve mode.
2018-10-02T11:14:27.392107Z 0 [Warning] 'proxies_priv' entry '@ root@localhost' ignored in --skip-name-resolve mode.
2018-10-02T11:14:27.519597Z 0 [Warning] 'tables_priv' entry 'user mysql.session@localhost' ignored in --skip-name-resolve mode.
2018-10-02T11:14:27.520663Z 0 [Warning] 'tables_priv' entry 'sys_config mysql.sys@localhost' ignored in --skip-name-resolve mode.
2018-10-02T11:14:27.594902Z 0 [Note] Event Scheduler: Loaded 0 events
2018-10-02T11:14:27.604785Z 0 [Note] /usr/sbin/mysqld: ready for connections.
Version: '5.7.23'  socket: '/var/run/mysqld/mysqld.sock'  port: 3306  MySQL Community Server (GPL)
2018-10-02T13:17:50.302691Z 0 [Note] InnoDB: page_cleaner: 1000ms intended loop took 443059ms. The settings might not be optimal. (flushed=0 and evicted=0, during the time.)
2018-10-03T06:57:45.814332Z 0 [Warning] TIMESTAMP with implicit DEFAULT value is deprecated. Please use --explicit_defaults_for_timestamp server option (see documentation for more details).
2018-10-03T06:57:45.819992Z 0 [Note] /usr/sbin/mysqld (mysqld 5.7.23) starting as process 56 ...
2018-10-03T06:57:45.879196Z 0 [Note] InnoDB: PUNCH HOLE support available
2018-10-03T06:57:45.880181Z 0 [Note] InnoDB: Mutexes and rw_locks use GCC atomic builtins
2018-10-03T06:57:45.880419Z 0 [Note] InnoDB: Uses event mutexes
2018-10-03T06:57:45.880844Z 0 [Note] InnoDB: GCC builtin __atomic_thread_fence() is used for memory barrier
2018-10-03T06:57:45.881152Z 0 [Note] InnoDB: Compressed tables use zlib 1.2.3
2018-10-03T06:57:45.881520Z 0 [Note] InnoDB: Using Linux native AIO
2018-10-03T06:57:45.884721Z 0 [Note] InnoDB: Number of pools: 1
2018-10-03T06:57:45.889633Z 0 [Note] InnoDB: Using CPU crc32 instructions
2018-10-03T06:57:45.894260Z 0 [Note] InnoDB: Initializing buffer pool, total size = 32M, instances = 1, chunk size = 32M
2018-10-03T06:57:45.907155Z 0 [Note] InnoDB: Completed initialization of buffer pool
2018-10-03T06:57:45.912802Z 0 [Note] InnoDB: If the mysqld execution user is authorized, page cleaner thread priority can be changed. See the man page of setpriority().
2018-10-03T06:57:45.942439Z 0 [Note] InnoDB: Highest supported file format is Barracuda.
2018-10-03T06:57:45.946639Z 0 [Note] InnoDB: Log scan progressed past the checkpoint lsn 5680152
2018-10-03T06:57:45.947022Z 0 [Note] InnoDB: Doing recovery: scanned up to log sequence number 5680161
2018-10-03T06:57:45.947445Z 0 [Note] InnoDB: Database was not shutdown normally!
2018-10-03T06:57:45.948423Z 0 [Note] InnoDB: Starting crash recovery.
2018-10-03T06:57:46.178877Z 0 [Note] InnoDB: Removed temporary tablespace data file: "ibtmp1"
2018-10-03T06:57:46.179460Z 0 [Note] InnoDB: Creating shared tablespace for temporary tables
2018-10-03T06:57:46.179807Z 0 [Note] InnoDB: Setting file './ibtmp1' size to 12 MB. Physically writing the file full; Please wait ...
2018-10-03T06:57:46.297988Z 0 [Note] InnoDB: File './ibtmp1' size is now 12 MB.
2018-10-03T06:57:46.312429Z 0 [Note] InnoDB: 96 redo rollback segment(s) found. 96 redo rollback segment(s) are active.
2018-10-03T06:57:46.313393Z 0 [Note] InnoDB: 32 non-redo rollback segment(s) are active.
2018-10-03T06:57:46.318714Z 0 [Note] InnoDB: Waiting for purge to start
2018-10-03T06:57:46.372492Z 0 [Note] InnoDB: 5.7.23 started; log sequence number 5680161
2018-10-03T06:57:46.374473Z 0 [Note] Plugin 'FEDERATED' is disabled.
2018-10-03T06:57:46.385511Z 0 [Warning] Failed to set up SSL because of the following SSL library error: SSL context is not usable without certificate and private key
2018-10-03T06:57:46.386140Z 0 [Note] Server hostname (bind-address): '*'; port: 3306
2018-10-03T06:57:46.386226Z 0 [Note] InnoDB: Loading buffer pool(s) from /var/lib/mysql/ib_buffer_pool
2018-10-03T06:57:46.387053Z 0 [Note] IPv6 is available.
2018-10-03T06:57:46.387483Z 0 [Note]   - '::' resolves to '::';
2018-10-03T06:57:46.387741Z 0 [Note] Server socket created on IP: '::'.
2018-10-03T06:57:46.392388Z 0 [Warning] Insecure configuration for --pid-file: Location '/var/run/mysqld' in the path is accessible to all OS users. Consider choosing a different directory.
2018-10-03T06:57:46.404195Z 0 [Warning] 'user' entry 'root@localhost' ignored in --skip-name-resolve mode.
2018-10-03T06:57:46.405176Z 0 [Warning] 'user' entry 'mysql.session@localhost' ignored in --skip-name-resolve mode.
2018-10-03T06:57:46.406103Z 0 [Warning] 'user' entry 'mysql.sys@localhost' ignored in --skip-name-resolve mode.
2018-10-03T06:57:46.406317Z 0 [Note] InnoDB: Buffer pool(s) load completed at 181003  6:57:46
2018-10-03T06:57:46.407440Z 0 [Warning] 'db' entry 'performance_schema mysql.session@localhost' ignored in --skip-name-resolve mode.
2018-10-03T06:57:46.408044Z 0 [Warning] 'db' entry 'sys mysql.sys@localhost' ignored in --skip-name-resolve mode.
2018-10-03T06:57:46.408981Z 0 [Warning] 'proxies_priv' entry '@ root@localhost' ignored in --skip-name-resolve mode.
2018-10-03T06:57:46.415183Z 0 [Warning] 'tables_priv' entry 'user mysql.session@localhost' ignored in --skip-name-resolve mode.
2018-10-03T06:57:46.415885Z 0 [Warning] 'tables_priv' entry 'sys_config mysql.sys@localhost' ignored in --skip-name-resolve mode.
2018-10-03T06:57:46.467460Z 0 [Note] Event Scheduler: Loaded 0 events
2018-10-03T06:57:46.471691Z 0 [Note] /usr/sbin/mysqld: ready for connections.
Version: '5.7.23'  socket: '/var/run/mysqld/mysqld.sock'  port: 3306  MySQL Community Server (GPL)
2018-10-04T12:03:03.463189Z 0 [Warning] TIMESTAMP with implicit DEFAULT value is deprecated. Please use --explicit_defaults_for_timestamp server option (see documentation for more details).
2018-10-04T12:03:03.467088Z 0 [Note] /usr/sbin/mysqld (mysqld 5.7.23) starting as process 55 ...
2018-10-04T12:03:03.519264Z 0 [Note] InnoDB: PUNCH HOLE support available
2018-10-04T12:03:03.520202Z 0 [Note] InnoDB: Mutexes and rw_locks use GCC atomic builtins
2018-10-04T12:03:03.521178Z 0 [Note] InnoDB: Uses event mutexes
2018-10-04T12:03:03.522147Z 0 [Note] InnoDB: GCC builtin __atomic_thread_fence() is used for memory barrier
2018-10-04T12:03:03.523132Z 0 [Note] InnoDB: Compressed tables use zlib 1.2.3
2018-10-04T12:03:03.524106Z 0 [Note] InnoDB: Using Linux native AIO
2018-10-04T12:03:03.527344Z 0 [Note] InnoDB: Number of pools: 1
2018-10-04T12:03:03.531595Z 0 [Note] InnoDB: Using CPU crc32 instructions
2018-10-04T12:03:03.535408Z 0 [Note] InnoDB: Initializing buffer pool, total size = 32M, instances = 1, chunk size = 32M
2018-10-04T12:03:03.549391Z 0 [Note] InnoDB: Completed initialization of buffer pool
2018-10-04T12:03:03.559126Z 0 [Note] InnoDB: If the mysqld execution user is authorized, page cleaner thread priority can be changed. See the man page of setpriority().
2018-10-04T12:03:03.579233Z 0 [Note] InnoDB: Highest supported file format is Barracuda.
2018-10-04T12:03:03.582675Z 0 [Note] InnoDB: Log scan progressed past the checkpoint lsn 6316074
2018-10-04T12:03:03.583653Z 0 [Note] InnoDB: Doing recovery: scanned up to log sequence number 6316083
2018-10-04T12:03:03.584617Z 0 [Note] InnoDB: Database was not shutdown normally!
2018-10-04T12:03:03.585590Z 0 [Note] InnoDB: Starting crash recovery.
2018-10-04T12:03:03.835882Z 0 [Note] InnoDB: Removed temporary tablespace data file: "ibtmp1"
2018-10-04T12:03:03.836462Z 0 [Note] InnoDB: Creating shared tablespace for temporary tables
2018-10-04T12:03:03.837491Z 0 [Note] InnoDB: Setting file './ibtmp1' size to 12 MB. Physically writing the file full; Please wait ...
2018-10-04T12:03:04.182742Z 0 [Note] InnoDB: File './ibtmp1' size is now 12 MB.
2018-10-04T12:03:04.185199Z 0 [Note] InnoDB: 96 redo rollback segment(s) found. 96 redo rollback segment(s) are active.
2018-10-04T12:03:04.185899Z 0 [Note] InnoDB: 32 non-redo rollback segment(s) are active.
2018-10-04T12:03:04.230905Z 0 [Note] InnoDB: 5.7.23 started; log sequence number 6316083
2018-10-04T12:03:04.299380Z 0 [Note] InnoDB: Loading buffer pool(s) from /var/lib/mysql/ib_buffer_pool
2018-10-04T12:03:04.300586Z 0 [Note] Plugin 'FEDERATED' is disabled.
2018-10-04T12:03:04.415124Z 0 [Note] InnoDB: Buffer pool(s) load completed at 181004 12:03:04
2018-10-04T12:03:04.423207Z 0 [Warning] Failed to set up SSL because of the following SSL library error: SSL context is not usable without certificate and private key
2018-10-04T12:03:04.424086Z 0 [Note] Server hostname (bind-address): '*'; port: 3306
2018-10-04T12:03:04.425534Z 0 [Note] IPv6 is available.
2018-10-04T12:03:04.426328Z 0 [Note]   - '::' resolves to '::';
2018-10-04T12:03:04.427010Z 0 [Note] Server socket created on IP: '::'.
2018-10-04T12:03:04.428444Z 0 [ERROR] Another process with pid 56 is using unix socket file.
2018-10-04T12:03:04.428560Z 0 [ERROR] Unable to setup unix socket lock file.
2018-10-04T12:03:04.428960Z 0 [ERROR] Aborting

2018-10-04T12:03:04.429930Z 0 [Note] Binlog end
2018-10-04T12:03:04.430951Z 0 [Note] Shutting down plugin 'ngram'
2018-10-04T12:03:04.431867Z 0 [Note] Shutting down plugin 'partition'
2018-10-04T12:03:04.432841Z 0 [Note] Shutting down plugin 'BLACKHOLE'
2018-10-04T12:03:04.433817Z 0 [Note] Shutting down plugin 'ARCHIVE'
2018-10-04T12:03:04.434793Z 0 [Note] Shutting down plugin 'PERFORMANCE_SCHEMA'
2018-10-04T12:03:04.435936Z 0 [Note] Shutting down plugin 'MRG_MYISAM'
2018-10-04T12:03:04.436749Z 0 [Note] Shutting down plugin 'MyISAM'
2018-10-04T12:03:04.438133Z 0 [Note] Shutting down plugin 'INNODB_SYS_VIRTUAL'
2018-10-04T12:03:04.438750Z 0 [Note] Shutting down plugin 'INNODB_SYS_DATAFILES'
2018-10-04T12:03:04.439339Z 0 [Note] Shutting down plugin 'INNODB_SYS_TABLESPACES'
2018-10-04T12:03:04.439674Z 0 [Note] Shutting down plugin 'INNODB_SYS_FOREIGN_COLS'
2018-10-04T12:03:04.440672Z 0 [Note] Shutting down plugin 'INNODB_SYS_FOREIGN'
2018-10-04T12:03:04.441638Z 0 [Note] Shutting down plugin 'INNODB_SYS_FIELDS'
2018-10-04T12:03:04.442626Z 0 [Note] Shutting down plugin 'INNODB_SYS_COLUMNS'
2018-10-04T12:03:04.443581Z 0 [Note] Shutting down plugin 'INNODB_SYS_INDEXES'
2018-10-04T12:03:04.444552Z 0 [Note] Shutting down plugin 'INNODB_SYS_TABLESTATS'
2018-10-04T12:03:04.445530Z 0 [Note] Shutting down plugin 'INNODB_SYS_TABLES'
2018-10-04T12:03:04.446546Z 0 [Note] Shutting down plugin 'INNODB_FT_INDEX_TABLE'
2018-10-04T12:03:04.447483Z 0 [Note] Shutting down plugin 'INNODB_FT_INDEX_CACHE'
2018-10-04T12:03:04.448492Z 0 [Note] Shutting down plugin 'INNODB_FT_CONFIG'
2018-10-04T12:03:04.449390Z 0 [Note] Shutting down plugin 'INNODB_FT_BEING_DELETED'
2018-10-04T12:03:04.450412Z 0 [Note] Shutting down plugin 'INNODB_FT_DELETED'
2018-10-04T12:03:04.451388Z 0 [Note] Shutting down plugin 'INNODB_FT_DEFAULT_STOPWORD'
2018-10-04T12:03:04.452363Z 0 [Note] Shutting down plugin 'INNODB_METRICS'
2018-10-04T12:03:04.453338Z 0 [Note] Shutting down plugin 'INNODB_TEMP_TABLE_INFO'
2018-10-04T12:03:04.454315Z 0 [Note] Shutting down plugin 'INNODB_BUFFER_POOL_STATS'
2018-10-04T12:03:04.455292Z 0 [Note] Shutting down plugin 'INNODB_BUFFER_PAGE_LRU'
2018-10-04T12:03:04.456268Z 0 [Note] Shutting down plugin 'INNODB_BUFFER_PAGE'
2018-10-04T12:03:04.457272Z 0 [Note] Shutting down plugin 'INNODB_CMP_PER_INDEX_RESET'
2018-10-04T12:03:04.458223Z 0 [Note] Shutting down plugin 'INNODB_CMP_PER_INDEX'
2018-10-04T12:03:04.458924Z 0 [Note] Shutting down plugin 'INNODB_CMPMEM_RESET'
2018-10-04T12:03:04.459209Z 0 [Note] Shutting down plugin 'INNODB_CMPMEM'
2018-10-04T12:03:04.459911Z 0 [Note] Shutting down plugin 'INNODB_CMP_RESET'
2018-10-04T12:03:04.460174Z 0 [Note] Shutting down plugin 'INNODB_CMP'
2018-10-04T12:03:04.461152Z 0 [Note] Shutting down plugin 'INNODB_LOCK_WAITS'
2018-10-04T12:03:04.462125Z 0 [Note] Shutting down plugin 'INNODB_LOCKS'
2018-10-04T12:03:04.463101Z 0 [Note] Shutting down plugin 'INNODB_TRX'
2018-10-04T12:03:04.464075Z 0 [Note] Shutting down plugin 'InnoDB'
2018-10-04T12:03:04.465125Z 0 [Note] InnoDB: FTS optimize thread exiting.
2018-10-04T12:03:04.466193Z 0 [Note] InnoDB: Starting shutdown...
2018-10-04T12:03:04.602979Z 0 [Note] InnoDB: Dumping buffer pool(s) to /var/lib/mysql/ib_buffer_pool
2018-10-04T12:03:04.603981Z 0 [Note] InnoDB: Buffer pool(s) dump completed at 181004 12:03:04
2018-10-04T12:03:06.187412Z 0 [Note] InnoDB: Shutdown completed; log sequence number 6316366
2018-10-04T12:03:06.198936Z 0 [Note] InnoDB: Removed temporary tablespace data file: "ibtmp1"
2018-10-04T12:03:06.199076Z 0 [Note] Shutting down plugin 'MEMORY'
2018-10-04T12:03:06.199170Z 0 [Note] Shutting down plugin 'CSV'
2018-10-04T12:03:06.199256Z 0 [Note] Shutting down plugin 'sha256_password'
2018-10-04T12:03:06.199368Z 0 [Note] Shutting down plugin 'mysql_native_password'
2018-10-04T12:03:06.199633Z 0 [Note] Shutting down plugin 'binlog'
2018-10-04T12:03:06.201129Z 0 [Note] /usr/sbin/mysqld: Shutdown complete

2018-10-04T12:03:09.929596Z 0 [Warning] TIMESTAMP with implicit DEFAULT value is deprecated. Please use --explicit_defaults_for_timestamp server option (see documentation for more details).
2018-10-04T12:03:09.929978Z 0 [Note] /usr/sbin/mysqld (mysqld 5.7.23) starting as process 106 ...
2018-10-04T12:03:09.942083Z 0 [Note] InnoDB: PUNCH HOLE support available
2018-10-04T12:03:09.948806Z 0 [Note] InnoDB: Mutexes and rw_locks use GCC atomic builtins
2018-10-04T12:03:09.949246Z 0 [Note] InnoDB: Uses event mutexes
2018-10-04T12:03:09.950215Z 0 [Note] InnoDB: GCC builtin __atomic_thread_fence() is used for memory barrier
2018-10-04T12:03:09.951191Z 0 [Note] InnoDB: Compressed tables use zlib 1.2.3
2018-10-04T12:03:09.952167Z 0 [Note] InnoDB: Using Linux native AIO
2018-10-04T12:03:09.953510Z 0 [Note] InnoDB: Number of pools: 1
2018-10-04T12:03:09.954268Z 0 [Note] InnoDB: Using CPU crc32 instructions
2018-10-04T12:03:09.968907Z 0 [Note] InnoDB: Initializing buffer pool, total size = 32M, instances = 1, chunk size = 32M
2018-10-04T12:03:10.063509Z 0 [Note] InnoDB: Completed initialization of buffer pool
2018-10-04T12:03:10.150654Z 0 [Note] InnoDB: If the mysqld execution user is authorized, page cleaner thread priority can be changed. See the man page of setpriority().
2018-10-04T12:03:10.706203Z 0 [Note] InnoDB: Highest supported file format is Barracuda.
2018-10-04T12:03:11.242644Z 0 [Note] InnoDB: Creating shared tablespace for temporary tables
2018-10-04T12:03:11.243257Z 0 [Note] InnoDB: Setting file './ibtmp1' size to 12 MB. Physically writing the file full; Please wait ...
2018-10-04T12:03:12.268491Z 0 [Note] InnoDB: File './ibtmp1' size is now 12 MB.
2018-10-04T12:03:12.336348Z 0 [Note] InnoDB: 96 redo rollback segment(s) found. 96 redo rollback segment(s) are active.
2018-10-04T12:03:12.336482Z 0 [Note] InnoDB: 32 non-redo rollback segment(s) are active.
2018-10-04T12:03:12.408128Z 0 [Note] InnoDB: Waiting for purge to start
2018-10-04T12:03:12.479211Z 0 [Note] InnoDB: 5.7.23 started; log sequence number 6316366
2018-10-04T12:03:12.738843Z 0 [Note] InnoDB: Loading buffer pool(s) from /var/lib/mysql/ib_buffer_pool
2018-10-04T12:03:12.744052Z 0 [Note] InnoDB: Buffer pool(s) load completed at 181004 12:03:12
2018-10-04T12:03:12.745227Z 0 [Note] Plugin 'FEDERATED' is disabled.
2018-10-04T12:03:12.750050Z 0 [Warning] Failed to set up SSL because of the following SSL library error: SSL context is not usable without certificate and private key
2018-10-04T12:03:12.751411Z 0 [Note] Server hostname (bind-address): '*'; port: 3306
2018-10-04T12:03:12.751532Z 0 [Note] IPv6 is available.
2018-10-04T12:03:12.751682Z 0 [Note]   - '::' resolves to '::';
2018-10-04T12:03:12.751755Z 0 [Note] Server socket created on IP: '::'.
2018-10-04T12:03:12.755120Z 0 [Warning] Insecure configuration for --pid-file: Location '/var/run/mysqld' in the path is accessible to all OS users. Consider choosing a different directory.
2018-10-04T12:03:12.777090Z 0 [Warning] 'user' entry 'root@localhost' ignored in --skip-name-resolve mode.
2018-10-04T12:03:12.777217Z 0 [Warning] 'user' entry 'mysql.session@localhost' ignored in --skip-name-resolve mode.
2018-10-04T12:03:12.777317Z 0 [Warning] 'user' entry 'mysql.sys@localhost' ignored in --skip-name-resolve mode.
2018-10-04T12:03:12.777715Z 0 [Warning] 'db' entry 'performance_schema mysql.session@localhost' ignored in --skip-name-resolve mode.
2018-10-04T12:03:12.799509Z 0 [Warning] 'db' entry 'sys mysql.sys@localhost' ignored in --skip-name-resolve mode.
2018-10-04T12:03:12.800109Z 0 [Warning] 'proxies_priv' entry '@ root@localhost' ignored in --skip-name-resolve mode.
2018-10-04T12:03:12.955030Z 0 [Warning] 'tables_priv' entry 'user mysql.session@localhost' ignored in --skip-name-resolve mode.
2018-10-04T12:03:12.965731Z 0 [Warning] 'tables_priv' entry 'sys_config mysql.sys@localhost' ignored in --skip-name-resolve mode.
2018-10-04T12:03:13.139000Z 0 [Note] Event Scheduler: Loaded 0 events
2018-10-04T12:03:13.144843Z 0 [Note] /usr/sbin/mysqld: ready for connections.
Version: '5.7.23'  socket: '/var/run/mysqld/mysqld.sock'  port: 3306  MySQL Community Server (GPL)
2018-10-04T13:13:27.590407Z 0 [Warning] TIMESTAMP with implicit DEFAULT value is deprecated. Please use --explicit_defaults_for_timestamp server option (see documentation for more details).
2018-10-04T13:13:27.595755Z 0 [Note] /usr/sbin/mysqld (mysqld 5.7.23) starting as process 55 ...
2018-10-04T13:13:27.653740Z 0 [Note] InnoDB: PUNCH HOLE support available
2018-10-04T13:13:27.654385Z 0 [Note] InnoDB: Mutexes and rw_locks use GCC atomic builtins
2018-10-04T13:13:27.655327Z 0 [Note] InnoDB: Uses event mutexes
2018-10-04T13:13:27.656327Z 0 [Note] InnoDB: GCC builtin __atomic_thread_fence() is used for memory barrier
2018-10-04T13:13:27.657332Z 0 [Note] InnoDB: Compressed tables use zlib 1.2.3
2018-10-04T13:13:27.658359Z 0 [Note] InnoDB: Using Linux native AIO
2018-10-04T13:13:27.663549Z 0 [Note] InnoDB: Number of pools: 1
2018-10-04T13:13:27.667463Z 0 [Note] InnoDB: Using CPU crc32 instructions
2018-10-04T13:13:27.671534Z 0 [Note] InnoDB: Initializing buffer pool, total size = 32M, instances = 1, chunk size = 32M
2018-10-04T13:13:27.688474Z 0 [Note] InnoDB: Completed initialization of buffer pool
2018-10-04T13:13:27.696419Z 0 [Note] InnoDB: If the mysqld execution user is authorized, page cleaner thread priority can be changed. See the man page of setpriority().
2018-10-04T13:13:27.716675Z 0 [Note] InnoDB: Highest supported file format is Barracuda.
2018-10-04T13:13:27.719549Z 0 [Note] InnoDB: Log scan progressed past the checkpoint lsn 6738204
2018-10-04T13:13:27.719765Z 0 [Note] InnoDB: Doing recovery: scanned up to log sequence number 6738213
2018-10-04T13:13:27.719950Z 0 [Note] InnoDB: Database was not shutdown normally!
2018-10-04T13:13:27.720738Z 0 [Note] InnoDB: Starting crash recovery.
2018-10-04T13:13:27.960327Z 0 [Note] InnoDB: Removed temporary tablespace data file: "ibtmp1"
2018-10-04T13:13:27.960696Z 0 [Note] InnoDB: Creating shared tablespace for temporary tables
2018-10-04T13:13:27.961043Z 0 [Note] InnoDB: Setting file './ibtmp1' size to 12 MB. Physically writing the file full; Please wait ...
2018-10-04T13:13:28.482847Z 0 [Note] InnoDB: File './ibtmp1' size is now 12 MB.
2018-10-04T13:13:28.485836Z 0 [Note] InnoDB: 96 redo rollback segment(s) found. 96 redo rollback segment(s) are active.
2018-10-04T13:13:28.486842Z 0 [Note] InnoDB: 32 non-redo rollback segment(s) are active.
2018-10-04T13:13:28.522478Z 0 [Note] InnoDB: Waiting for purge to start
2018-10-04T13:13:28.680412Z 0 [Note] InnoDB: 5.7.23 started; log sequence number 6738213
2018-10-04T13:13:28.682370Z 0 [Note] Plugin 'FEDERATED' is disabled.
2018-10-04T13:13:28.753309Z 0 [Note] InnoDB: Loading buffer pool(s) from /var/lib/mysql/ib_buffer_pool
2018-10-04T13:13:28.768797Z 0 [Warning] Failed to set up SSL because of the following SSL library error: SSL context is not usable without certificate and private key
2018-10-04T13:13:28.769583Z 0 [Note] Server hostname (bind-address): '*'; port: 3306
2018-10-04T13:13:28.771386Z 0 [Note] IPv6 is available.
2018-10-04T13:13:28.771792Z 0 [Note]   - '::' resolves to '::';
2018-10-04T13:13:28.771994Z 0 [Note] Server socket created on IP: '::'.
2018-10-04T13:13:28.772115Z 0 [Note] InnoDB: Buffer pool(s) load completed at 181004 13:13:28
2018-10-04T13:13:28.776273Z 0 [Warning] Insecure configuration for --pid-file: Location '/var/run/mysqld' in the path is accessible to all OS users. Consider choosing a different directory.
2018-10-04T13:13:28.782945Z 0 [Warning] 'user' entry 'root@localhost' ignored in --skip-name-resolve mode.
2018-10-04T13:13:28.783307Z 0 [Warning] 'user' entry 'mysql.session@localhost' ignored in --skip-name-resolve mode.
2018-10-04T13:13:28.784284Z 0 [Warning] 'user' entry 'mysql.sys@localhost' ignored in --skip-name-resolve mode.
2018-10-04T13:13:28.785671Z 0 [Warning] 'db' entry 'performance_schema mysql.session@localhost' ignored in --skip-name-resolve mode.
2018-10-04T13:13:28.786247Z 0 [Warning] 'db' entry 'sys mysql.sys@localhost' ignored in --skip-name-resolve mode.
2018-10-04T13:13:28.787570Z 0 [Warning] 'proxies_priv' entry '@ root@localhost' ignored in --skip-name-resolve mode.
2018-10-04T13:13:28.794521Z 0 [Warning] 'tables_priv' entry 'user mysql.session@localhost' ignored in --skip-name-resolve mode.
2018-10-04T13:13:28.795034Z 0 [Warning] 'tables_priv' entry 'sys_config mysql.sys@localhost' ignored in --skip-name-resolve mode.
2018-10-04T13:13:28.867370Z 0 [Note] Event Scheduler: Loaded 0 events
2018-10-04T13:13:28.876747Z 0 [Note] /usr/sbin/mysqld: ready for connections.
Version: '5.7.23'  socket: '/var/run/mysqld/mysqld.sock'  port: 3306  MySQL Community Server (GPL)
2018-10-04T13:55:23.609909Z 0 [Note] Giving 0 client threads a chance to die gracefully
2018-10-04T13:55:23.610451Z 0 [Note] Shutting down slave threads
2018-10-04T13:55:23.610755Z 0 [Note] Forcefully disconnecting 0 remaining clients
2018-10-04T13:55:23.610868Z 0 [Note] Event Scheduler: Purging the queue. 0 events
2018-10-04T13:55:23.611013Z 0 [Note] Binlog end
2018-10-04T13:55:23.614551Z 0 [Note] Shutting down plugin 'ngram'
2018-10-04T13:55:23.614659Z 0 [Note] Shutting down plugin 'partition'
2018-10-04T13:55:23.614749Z 0 [Note] Shutting down plugin 'BLACKHOLE'
2018-10-04T13:55:23.614840Z 0 [Note] Shutting down plugin 'ARCHIVE'
2018-10-04T13:55:23.615363Z 0 [Note] Shutting down plugin 'PERFORMANCE_SCHEMA'
2018-10-04T13:55:23.615485Z 0 [Note] Shutting down plugin 'MRG_MYISAM'
2018-10-04T13:55:23.616077Z 0 [Note] Shutting down plugin 'MyISAM'
2018-10-04T13:55:23.616318Z 0 [Note] Shutting down plugin 'INNODB_SYS_VIRTUAL'
2018-10-04T13:55:23.616411Z 0 [Note] Shutting down plugin 'INNODB_SYS_DATAFILES'
2018-10-04T13:55:23.617001Z 0 [Note] Shutting down plugin 'INNODB_SYS_TABLESPACES'
2018-10-04T13:55:23.617105Z 0 [Note] Shutting down plugin 'INNODB_SYS_FOREIGN_COLS'
2018-10-04T13:55:23.617289Z 0 [Note] Shutting down plugin 'INNODB_SYS_FOREIGN'
2018-10-04T13:55:23.617879Z 0 [Note] Shutting down plugin 'INNODB_SYS_FIELDS'
2018-10-04T13:55:23.617969Z 0 [Note] Shutting down plugin 'INNODB_SYS_COLUMNS'
2018-10-04T13:55:23.618251Z 0 [Note] Shutting down plugin 'INNODB_SYS_INDEXES'
2018-10-04T13:55:23.619230Z 0 [Note] Shutting down plugin 'INNODB_SYS_TABLESTATS'
2018-10-04T13:55:23.620195Z 0 [Note] Shutting down plugin 'INNODB_SYS_TABLES'
2018-10-04T13:55:23.620773Z 0 [Note] Shutting down plugin 'INNODB_FT_INDEX_TABLE'
2018-10-04T13:55:23.621168Z 0 [Note] Shutting down plugin 'INNODB_FT_INDEX_CACHE'
2018-10-04T13:55:23.622144Z 0 [Note] Shutting down plugin 'INNODB_FT_CONFIG'
2018-10-04T13:55:23.623144Z 0 [Note] Shutting down plugin 'INNODB_FT_BEING_DELETED'
2018-10-04T13:55:23.624152Z 0 [Note] Shutting down plugin 'INNODB_FT_DELETED'
2018-10-04T13:55:23.624801Z 0 [Note] Shutting down plugin 'INNODB_FT_DEFAULT_STOPWORD'
2018-10-04T13:55:23.625219Z 0 [Note] Shutting down plugin 'INNODB_METRICS'
2018-10-04T13:55:23.625878Z 0 [Note] Shutting down plugin 'INNODB_TEMP_TABLE_INFO'
2018-10-04T13:55:23.626048Z 0 [Note] Shutting down plugin 'INNODB_BUFFER_POOL_STATS'
2018-10-04T13:55:23.627434Z 0 [Note] Shutting down plugin 'INNODB_BUFFER_PAGE_LRU'
2018-10-04T13:55:23.628022Z 0 [Note] Shutting down plugin 'INNODB_BUFFER_PAGE'
2018-10-04T13:55:23.628495Z 0 [Note] Shutting down plugin 'INNODB_CMP_PER_INDEX_RESET'
2018-10-04T13:55:23.628601Z 0 [Note] Shutting down plugin 'INNODB_CMP_PER_INDEX'
2018-10-04T13:55:23.628910Z 0 [Note] Shutting down plugin 'INNODB_CMPMEM_RESET'
2018-10-04T13:55:23.629982Z 0 [Note] Shutting down plugin 'INNODB_CMPMEM'
2018-10-04T13:55:23.630103Z 0 [Note] Shutting down plugin 'INNODB_CMP_RESET'
2018-10-04T13:55:23.630467Z 0 [Note] Shutting down plugin 'INNODB_CMP'
2018-10-04T13:55:23.630588Z 0 [Note] Shutting down plugin 'INNODB_LOCK_WAITS'
2018-10-04T13:55:23.630931Z 0 [Note] Shutting down plugin 'INNODB_LOCKS'
2018-10-04T13:55:23.631554Z 0 [Note] Shutting down plugin 'INNODB_TRX'
2018-10-04T13:55:23.632882Z 0 [Note] Shutting down plugin 'InnoDB'
2018-10-04T13:55:23.633061Z 0 [Note] InnoDB: FTS optimize thread exiting.
2018-10-04T13:55:23.633394Z 0 [Note] InnoDB: Starting shutdown...
2018-10-04T13:55:23.734938Z 0 [Note] InnoDB: Dumping buffer pool(s) to /var/lib/mysql/ib_buffer_pool
2018-10-04T13:55:23.735836Z 0 [Note] InnoDB: Buffer pool(s) dump completed at 181004 13:55:23
2018-10-04T13:55:24.956558Z 0 [Note] InnoDB: Shutdown completed; log sequence number 6740057
2018-10-04T13:55:24.971709Z 0 [Note] InnoDB: Removed temporary tablespace data file: "ibtmp1"
2018-10-04T13:55:24.989496Z 0 [Note] Shutting down plugin 'MEMORY'
2018-10-04T13:55:24.990496Z 0 [Note] Shutting down plugin 'CSV'
2018-10-04T13:55:24.991476Z 0 [Note] Shutting down plugin 'sha256_password'
2018-10-04T13:55:24.992072Z 0 [Note] Shutting down plugin 'mysql_native_password'
2018-10-04T13:55:24.994529Z 0 [Note] Shutting down plugin 'binlog'
2018-10-04T13:55:24.996229Z 0 [Note] /usr/sbin/mysqld: Shutdown complete

2018-10-06T14:33:11.305937Z 0 [Warning] TIMESTAMP with implicit DEFAULT value is deprecated. Please use --explicit_defaults_for_timestamp server option (see documentation for more details).
2018-10-06T14:33:11.306300Z 0 [Note] /usr/sbin/mysqld (mysqld 5.7.23) starting as process 53 ...
2018-10-06T14:33:11.321753Z 0 [Note] InnoDB: PUNCH HOLE support available
2018-10-06T14:33:11.322023Z 0 [Note] InnoDB: Mutexes and rw_locks use GCC atomic builtins
2018-10-06T14:33:11.322962Z 0 [Note] InnoDB: Uses event mutexes
2018-10-06T14:33:11.323934Z 0 [Note] InnoDB: GCC builtin __atomic_thread_fence() is used for memory barrier
2018-10-06T14:33:11.324698Z 0 [Note] InnoDB: Compressed tables use zlib 1.2.3
2018-10-06T14:33:11.324816Z 0 [Note] InnoDB: Using Linux native AIO
2018-10-06T14:33:11.325312Z 0 [Note] InnoDB: Number of pools: 1
2018-10-06T14:33:11.325566Z 0 [Note] InnoDB: Using CPU crc32 instructions
2018-10-06T14:33:11.328102Z 0 [Note] InnoDB: Initializing buffer pool, total size = 32M, instances = 1, chunk size = 32M
2018-10-06T14:33:11.341011Z 0 [Note] InnoDB: Completed initialization of buffer pool
2018-10-06T14:33:11.344691Z 0 [Note] InnoDB: If the mysqld execution user is authorized, page cleaner thread priority can be changed. See the man page of setpriority().
2018-10-06T14:33:11.357785Z 0 [Note] InnoDB: Highest supported file format is Barracuda.
2018-10-06T14:33:11.392702Z 0 [Note] InnoDB: Creating shared tablespace for temporary tables
2018-10-06T14:33:11.393629Z 0 [Note] InnoDB: Setting file './ibtmp1' size to 12 MB. Physically writing the file full; Please wait ...
2018-10-06T14:33:11.469050Z 0 [Note] InnoDB: File './ibtmp1' size is now 12 MB.
2018-10-06T14:33:11.471598Z 0 [Note] InnoDB: 96 redo rollback segment(s) found. 96 redo rollback segment(s) are active.
2018-10-06T14:33:11.472433Z 0 [Note] InnoDB: 32 non-redo rollback segment(s) are active.
2018-10-06T14:33:11.473947Z 0 [Note] InnoDB: Waiting for purge to start
2018-10-06T14:33:11.525020Z 0 [Note] InnoDB: 5.7.23 started; log sequence number 6740057
2018-10-06T14:33:11.525616Z 0 [Note] Plugin 'FEDERATED' is disabled.
2018-10-06T14:33:11.535612Z 0 [Note] InnoDB: Loading buffer pool(s) from /var/lib/mysql/ib_buffer_pool
2018-10-06T14:33:11.539229Z 0 [Note] InnoDB: Buffer pool(s) load completed at 181006 14:33:11
2018-10-06T14:33:11.546022Z 0 [Warning] Failed to set up SSL because of the following SSL library error: SSL context is not usable without certificate and private key
2018-10-06T14:33:11.546663Z 0 [Note] Server hostname (bind-address): '*'; port: 3306
2018-10-06T14:33:11.547653Z 0 [Note] IPv6 is available.
2018-10-06T14:33:11.548602Z 0 [Note]   - '::' resolves to '::';
2018-10-06T14:33:11.549574Z 0 [Note] Server socket created on IP: '::'.
2018-10-06T14:33:11.554128Z 0 [Warning] Insecure configuration for --pid-file: Location '/var/run/mysqld' in the path is accessible to all OS users. Consider choosing a different directory.
2018-10-06T14:33:11.556074Z 0 [Warning] 'user' entry 'root@localhost' ignored in --skip-name-resolve mode.
2018-10-06T14:33:11.556441Z 0 [Warning] 'user' entry 'mysql.session@localhost' ignored in --skip-name-resolve mode.
2018-10-06T14:33:11.557415Z 0 [Warning] 'user' entry 'mysql.sys@localhost' ignored in --skip-name-resolve mode.
2018-10-06T14:33:11.558035Z 0 [Warning] 'db' entry 'performance_schema mysql.session@localhost' ignored in --skip-name-resolve mode.
2018-10-06T14:33:11.558366Z 0 [Warning] 'db' entry 'sys mysql.sys@localhost' ignored in --skip-name-resolve mode.
2018-10-06T14:33:11.558811Z 0 [Warning] 'proxies_priv' entry '@ root@localhost' ignored in --skip-name-resolve mode.
2018-10-06T14:33:11.560711Z 0 [Warning] 'tables_priv' entry 'user mysql.session@localhost' ignored in --skip-name-resolve mode.
2018-10-06T14:33:11.561004Z 0 [Warning] 'tables_priv' entry 'sys_config mysql.sys@localhost' ignored in --skip-name-resolve mode.
2018-10-06T14:33:11.581519Z 0 [Note] Event Scheduler: Loaded 0 events
2018-10-06T14:33:11.585686Z 0 [Note] /usr/sbin/mysqld: ready for connections.
Version: '5.7.23'  socket: '/var/run/mysqld/mysqld.sock'  port: 3306  MySQL Community Server (GPL)
2018-10-07T13:48:43.330549Z 0 [Warning] TIMESTAMP with implicit DEFAULT value is deprecated. Please use --explicit_defaults_for_timestamp server option (see documentation for more details).
2018-10-07T13:48:43.334953Z 0 [Note] /usr/sbin/mysqld (mysqld 5.7.23) starting as process 55 ...
2018-10-07T13:48:43.392068Z 0 [Note] InnoDB: PUNCH HOLE support available
2018-10-07T13:48:43.392943Z 0 [Note] InnoDB: Mutexes and rw_locks use GCC atomic builtins
2018-10-07T13:48:43.393075Z 0 [Note] InnoDB: Uses event mutexes
2018-10-07T13:48:43.393913Z 0 [Note] InnoDB: GCC builtin __atomic_thread_fence() is used for memory barrier
2018-10-07T13:48:43.394097Z 0 [Note] InnoDB: Compressed tables use zlib 1.2.3
2018-10-07T13:48:43.394744Z 0 [Note] InnoDB: Using Linux native AIO
2018-10-07T13:48:43.397085Z 0 [Note] InnoDB: Number of pools: 1
2018-10-07T13:48:43.401688Z 0 [Note] InnoDB: Using CPU crc32 instructions
2018-10-07T13:48:43.406995Z 0 [Note] InnoDB: Initializing buffer pool, total size = 32M, instances = 1, chunk size = 32M
2018-10-07T13:48:43.426235Z 0 [Note] InnoDB: Completed initialization of buffer pool
2018-10-07T13:48:43.435647Z 0 [Note] InnoDB: If the mysqld execution user is authorized, page cleaner thread priority can be changed. See the man page of setpriority().
2018-10-07T13:48:43.456356Z 0 [Note] InnoDB: Highest supported file format is Barracuda.
2018-10-07T13:48:43.460329Z 0 [Note] InnoDB: Log scan progressed past the checkpoint lsn 7430384
2018-10-07T13:48:43.461293Z 0 [Note] InnoDB: Doing recovery: scanned up to log sequence number 7430393
2018-10-07T13:48:43.462296Z 0 [Note] InnoDB: Database was not shutdown normally!
2018-10-07T13:48:43.463274Z 0 [Note] InnoDB: Starting crash recovery.
2018-10-07T13:48:43.859220Z 0 [Note] InnoDB: Removed temporary tablespace data file: "ibtmp1"
2018-10-07T13:48:43.859623Z 0 [Note] InnoDB: Creating shared tablespace for temporary tables
2018-10-07T13:48:43.860621Z 0 [Note] InnoDB: Setting file './ibtmp1' size to 12 MB. Physically writing the file full; Please wait ...
2018-10-07T13:48:44.595301Z 0 [Note] InnoDB: File './ibtmp1' size is now 12 MB.
2018-10-07T13:48:44.716435Z 0 [Note] InnoDB: 96 redo rollback segment(s) found. 96 redo rollback segment(s) are active.
2018-10-07T13:48:44.716852Z 0 [Note] InnoDB: 32 non-redo rollback segment(s) are active.
2018-10-07T13:48:44.816261Z 0 [Note] InnoDB: Waiting for purge to start
2018-10-07T13:48:44.866752Z 0 [Note] InnoDB: 5.7.23 started; log sequence number 7430393
2018-10-07T13:48:45.035731Z 0 [Note] InnoDB: Loading buffer pool(s) from /var/lib/mysql/ib_buffer_pool
2018-10-07T13:48:45.036267Z 0 [Note] Plugin 'FEDERATED' is disabled.
2018-10-07T13:48:45.106632Z 0 [Warning] Failed to set up SSL because of the following SSL library error: SSL context is not usable without certificate and private key
2018-10-07T13:48:45.107135Z 0 [Note] Server hostname (bind-address): '*'; port: 3306
2018-10-07T13:48:45.139981Z 0 [Note] IPv6 is available.
2018-10-07T13:48:45.140976Z 0 [Note]   - '::' resolves to '::';
2018-10-07T13:48:45.141556Z 0 [Note] Server socket created on IP: '::'.
2018-10-07T13:48:45.145796Z 0 [Warning] Insecure configuration for --pid-file: Location '/var/run/mysqld' in the path is accessible to all OS users. Consider choosing a different directory.
2018-10-07T13:48:45.151331Z 0 [Warning] 'user' entry 'root@localhost' ignored in --skip-name-resolve mode.
2018-10-07T13:48:45.152315Z 0 [Warning] 'user' entry 'mysql.session@localhost' ignored in --skip-name-resolve mode.
2018-10-07T13:48:45.153271Z 0 [Warning] 'user' entry 'mysql.sys@localhost' ignored in --skip-name-resolve mode.
2018-10-07T13:48:45.153975Z 0 [Warning] 'db' entry 'performance_schema mysql.session@localhost' ignored in --skip-name-resolve mode.
2018-10-07T13:48:45.154232Z 0 [Warning] 'db' entry 'sys mysql.sys@localhost' ignored in --skip-name-resolve mode.
2018-10-07T13:48:45.155284Z 0 [Warning] 'proxies_priv' entry '@ root@localhost' ignored in --skip-name-resolve mode.
2018-10-07T13:48:45.160171Z 0 [Warning] 'tables_priv' entry 'user mysql.session@localhost' ignored in --skip-name-resolve mode.
2018-10-07T13:48:45.161085Z 0 [Warning] 'tables_priv' entry 'sys_config mysql.sys@localhost' ignored in --skip-name-resolve mode.
2018-10-07T13:48:45.248820Z 0 [Note] InnoDB: Buffer pool(s) load completed at 181007 13:48:45
2018-10-07T13:48:45.315258Z 0 [Note] Event Scheduler: Loaded 0 events
2018-10-07T13:48:45.325795Z 0 [Note] /usr/sbin/mysqld: ready for connections.
Version: '5.7.23'  socket: '/var/run/mysqld/mysqld.sock'  port: 3306  MySQL Community Server (GPL)
